Logging into Glassdoor account ...

Starting data scraping ...

Page 1 of 133
Getting https://www.glassdoor.com/Interview/MathWorks-US-Interview-Questions-EI_IE17117.0,9_IL.10,12_IN1_IP1.htm
Page 1 scraped.

Page 2 of 133
Getting https://www.glassdoor.com/Interview/MathWorks-US-Interview-Questions-EI_IE17117.0,9_IL.10,12_IN1_IP2.htm
Page 2 scraped.

Page 3 of 133
Getting https://www.glassdoor.com/Interview/MathWorks-US-Interview-Questions-EI_IE17117.0,9_IL.10,12_IN1_IP3.htm
Page 3 scraped.

Page 4 of 133
Getting https://www.glassdoor.com/Interview/MathWorks-US-Interview-Questions-EI_IE17117.0,9_IL.10,12_IN1_IP4.htm
Page 4 scraped.

Page 5 of 133
Getting https://www.glassdoor.com/Interview/MathWorks-US-Interview-Questions-EI_IE17117.0,9_IL.10,12_IN1_IP5.htm
Page 5 scraped.

Page 6 of 133
Getting https://www.glassdoor.com/Interview/MathWorks-US-Interview-Questions-EI_IE17117.0,9_IL.10,12_IN1_IP6.htm
Page 6 scraped.

Page 7 of 133
Getting https://www.glassdoor.com/Interview/MathWorks-US-Interview-Questions-EI_IE17117.0,9_IL.10,12_IN1_IP7.htm
Page 7 scraped.

Page 8 of 133
Getting https://www.glassdoor.com/Interview/MathWorks-US-Interview-Questions-EI_IE17117.0,9_IL.10,12_IN1_IP8.htm
Page 8 scraped.

Page 9 of 133
Getting https://www.glassdoor.com/Interview/MathWorks-US-Interview-Questions-EI_IE17117.0,9_IL.10,12_IN1_IP9.htm
Page 9 scraped.

Page 10 of 133
Getting https://www.glassdoor.com/Interview/MathWorks-US-Interview-Questions-EI_IE17117.0,9_IL.10,12_IN1_IP10.htm
Page 10 scraped.

Taking a breather for a few seconds ...

Page 11 of 133
Getting https://www.glassdoor.com/Interview/MathWorks-US-Interview-Questions-EI_IE17117.0,9_IL.10,12_IN1_IP11.htm
Page 11 scraped.

Page 12 of 133
Getting https://www.glassdoor.com/Interview/MathWorks-US-Interview-Questions-EI_IE17117.0,9_IL.10,12_IN1_IP12.htm
Page 12 scraped.

Page 13 of 133
Getting https://www.glassdoor.com/Interview/MathWorks-US-Interview-Questions-EI_IE17117.0,9_IL.10,12_IN1_IP13.htm
Page 13 scraped.

Page 14 of 133
Getting https://www.glassdoor.com/Interview/MathWorks-US-Interview-Questions-EI_IE17117.0,9_IL.10,12_IN1_IP14.htm
Page 14 scraped.

Page 15 of 133
Getting https://www.glassdoor.com/Interview/MathWorks-US-Interview-Questions-EI_IE17117.0,9_IL.10,12_IN1_IP15.htm
Page 15 scraped.

Page 16 of 133
Getting https://www.glassdoor.com/Interview/MathWorks-US-Interview-Questions-EI_IE17117.0,9_IL.10,12_IN1_IP16.htm
Page 16 scraped.

Page 17 of 133
Getting https://www.glassdoor.com/Interview/MathWorks-US-Interview-Questions-EI_IE17117.0,9_IL.10,12_IN1_IP17.htm
Page 17 scraped.

Page 18 of 133
Getting https://www.glassdoor.com/Interview/MathWorks-US-Interview-Questions-EI_IE17117.0,9_IL.10,12_IN1_IP18.htm
Page 18 scraped.

Page 19 of 133
Getting https://www.glassdoor.com/Interview/MathWorks-US-Interview-Questions-EI_IE17117.0,9_IL.10,12_IN1_IP19.htm
Page 19 scraped.

Page 20 of 133
Getting https://www.glassdoor.com/Interview/MathWorks-US-Interview-Questions-EI_IE17117.0,9_IL.10,12_IN1_IP20.htm
Page 20 scraped.

Taking a breather for a few seconds ...

Page 21 of 133
Getting https://www.glassdoor.com/Interview/MathWorks-US-Interview-Questions-EI_IE17117.0,9_IL.10,12_IN1_IP21.htm
Page 21 scraped.

Page 22 of 133
Getting https://www.glassdoor.com/Interview/MathWorks-US-Interview-Questions-EI_IE17117.0,9_IL.10,12_IN1_IP22.htm
Page 22 scraped.

Page 23 of 133
Getting https://www.glassdoor.com/Interview/MathWorks-US-Interview-Questions-EI_IE17117.0,9_IL.10,12_IN1_IP23.htm
Page 23 scraped.

Page 24 of 133
Getting https://www.glassdoor.com/Interview/MathWorks-US-Interview-Questions-EI_IE17117.0,9_IL.10,12_IN1_IP24.htm
Page 24 scraped.

Page 25 of 133
Getting https://www.glassdoor.com/Interview/MathWorks-US-Interview-Questions-EI_IE17117.0,9_IL.10,12_IN1_IP25.htm
Page 25 scraped.

Page 26 of 133
Getting https://www.glassdoor.com/Interview/MathWorks-US-Interview-Questions-EI_IE17117.0,9_IL.10,12_IN1_IP26.htm
Page 26 scraped.

Page 27 of 133
Getting https://www.glassdoor.com/Interview/MathWorks-US-Interview-Questions-EI_IE17117.0,9_IL.10,12_IN1_IP27.htm
Page 27 scraped.

Page 28 from: can't read /var/mail/bs4
from: can't read /var/mail/selenium
from: can't read /var/mail/selenium.webdriver.common.by
from: can't read /var/mail/selenium.webdriver.support.ui
from: can't read /var/mail/selenium.webdriver.support
from: can't read /var/mail/selenium.common.exceptions
from: can't read /var/mail/selenium.webdriver.common.keys
./scraper_v1.2_custom.py: 12: ./scraper_v1.2_custom.py: username: not found
./scraper_v1.2_custom.py: 13: ./scraper_v1.2_custom.py: password: not found
./scraper_v1.2_custom.py: 16: ./scraper_v1.2_custom.py: pages: not found
./scraper_v1.2_custom.py: 17: ./scraper_v1.2_custom.py: companyName: not found
./scraper_v1.2_custom.py: 20: ./scraper_v1.2_custom.py: companyURL: not found
./scraper_v1.2_custom.py: 22: ./scraper_v1.2_custom.py: Syntax error: "(" unexpected
from: can't read /var/mail/bs4
from: can't read /var/mail/selenium
from: can't read /var/mail/selenium.webdriver.common.by
from: can't read /var/mail/selenium.webdriver.support.ui
from: can't read /var/mail/selenium.webdriver.support
from: can't read /var/mail/selenium.common.exceptions
from: can't read /var/mail/selenium.webdriver.common.keys
./scraper_v1.2_custom.py: 12: ./scraper_v1.2_custom.py: username: not found
./scraper_v1.2_custom.py: 13: ./scraper_v1.2_custom.py: password: not found
./scraper_v1.2_custom.py: 16: ./scraper_v1.2_custom.py: timesCount: not found
./scraper_v1.2_custom.py: 17: ./scraper_v1.2_custom.py: pages: not found
./scraper_v1.2_custom.py: 18: ./scraper_v1.2_custom.py: companyName: not found
./scraper_v1.2_custom.py: 21: ./scraper_v1.2_custom.py: companyURL: not found
./scraper_v1.2_custom.py: 23: ./scraper_v1.2_custom.py: Syntax error: "(" unexpected
Logging into Glassdoor account ...

Starting data scraping ...

Page 1 of 266
Getting https://www.glassdoor.com/Interview/Facebook-Interview-Questions-E40772.htm
Page 1 scraped.

Page 2 of 266
Getting https://www.glassdoor.com/Interview/Facebook-Interview-Questions-E40772_P2.htm
Page 2 scraped.

Page 3 of 266
Getting https://www.glassdoor.com/Interview/Facebook-Interview-Questions-E40772_P3.htm
Page 3 scraped.

Page 4 of 266
Getting https://www.glassdoor.com/Interview/Facebook-Interview-Questions-E40772_P4.htm
Page 4 scraped.

Page 5 of 266
Getting https://www.glassdoor.com/Interview/Facebook-Interview-Questions-E40772_P5.htm
Page 5 scraped.

Page 6 of 266
Getting https://www.glassdoor.com/Interview/Facebook-Interview-Questions-E40772_P6.htm
Page 6 scraped.

Page 7 of 266
Getting https://www.glassdoor.com/Interview/Facebook-Interview-Questions-E40772_P7.htm
Page 7 scraped.

Page 8 of 266
Getting https://www.glassdoor.com/Interview/Facebook-Interview-Questions-E40772_P8.htm
Page 8 scraped.

Page 9 of 266
Getting https://www.glassdoor.com/Interview/Facebook-Interview-Questions-E40772_P9.htm
Page 9 scraped.

Page 10 of 266
Getting https://www.glassdoor.com/Interview/Facebook-Interview-Questions-E40772_P10.htm
Page 10 scraped.

Taking a breather for a few seconds ...

Page 11 of 266
Getting https://www.glassdoor.com/Interview/Facebook-Interview-Questions-E40772_P11.htm
Page 11 scraped.

Page 12 of 266
Getting https://www.glassdoor.com/Interview/Facebook-Interview-Questions-E40772_P12.htm
Page 12 scraped.

Page 13 of 266
Getting https://www.glassdoor.com/Interview/Facebook-Interview-Questions-E40772_P13.htm
Page 13 scraped.

Page 14 of 266
Getting https://www.glassdoor.com/Interview/Facebook-Interview-Questions-E40772_P14.htm
Page 14 scraped.

Page 15 of 266
Getting https://www.glassdoor.com/Interview/Facebook-Interview-Questions-E40772_P15.htm
Page 15 scraped.

Page 16 of 266
Getting https://www.glassdoor.com/Interview/Facebook-Interview-Questions-E40772_P16.htm
Page 16 scraped.

Page 17 of 266
Getting https://www.glassdoor.com/Interview/Facebook-Interview-Questions-E40772_P17.htm
Page 17 scraped.

Page 18 of 266
Getting https://www.glassdoor.com/Interview/Facebook-Interview-Questions-E40772_P18.htm
Page 18 scraped.

Page 19 of 266
Getting https://www.glassdoor.com/Interview/Facebook-Interview-Questions-E40772_P19.htm
Page 19 scraped.

Page 20 of 266
Getting https://www.glassdoor.com/Interview/Facebook-Interview-Questions-E40772_P20.htm
Page 20 scraped.

Taking a breather for a few seconds ...

Page 21 of 266
Getting https://www.glassdoor.com/Interview/Facebook-Interview-Questions-E40772_P21.htm
Page 21 scraped.

Page 22 of 266
Getting https://www.glassdoor.com/Interview/Facebook-Interview-Questions-E40772_P22.htm
Page 22 scraped.

Page 23 of 266
Getting https://www.glassdoor.com/Interview/Facebook-Interview-Questions-E40772_P23.htm
Page 23 scraped.

Page 24 of 266
Getting https://www.glassdoor.com/Interview/Facebook-Interview-Questions-E40772_P24.htm
Page 24 scraped.

Page 25 of 266
Getting https://www.glassdoor.com/Interview/Facebook-Interview-Questions-E40772_P25.htm
Page 25 scraped.

Page 26 of 266
Getting https://www.glassdoor.com/Interview/Facebook-Interview-Questions-E40772_P26.htm
Page 26 scraped.

Page 27 of 266
Getting https://www.glassdoor.com/Interview/Facebook-Interview-Questions-E40772_P27.htm
Page 27 scraped.

Page 28 of 266
Getting https://www.glassdoor.com/Interview/Facebook-Interview-Questions-E40772_P28.htm
Page 28 scraped.

Page 29 of 266
Getting https://www.glassdoor.com/Interview/Facebook-Interview-Questions-E40772_P29.htm
Page 29 scraped.

Page 30 of 266
Getting https://www.glassdoor.com/Interview/Facebook-Interview-Questions-E40772_P30.htm
Page 30 scraped.

Taking a breather for a few seconds ...

Page 31 of 266
Getting https://www.glassdoor.com/Interview/Facebook-Interview-Questions-E40772_P31.htm
Page 31 scraped.

Page 32 of 266
Getting https://www.glassdoor.com/Interview/Facebook-Interview-Questions-E40772_P32.htm
Page 32 scraped.

Page 33 of 266
Getting https://www.glassdoor.com/Interview/Facebook-Interview-Questions-E40772_P33.htm
Page 33 scraped.

Page 34 of 266
Getting https://www.glassdoor.com/Interview/Facebook-Interview-Questions-E40772_P34.htm
Page 34 scraped.

Page 35 of 266
Getting https://www.glassdoor.com/Interview/Facebook-Interview-Questions-E40772_P35.htm
Page 35 scraped.

Page 36 of 266
Getting https://www.glassdoor.com/Interview/Facebook-Interview-Questions-E40772_P36.htm
Page 36 scraped.

Page 37 of 266
Getting https://www.glassdoor.com/Interview/Facebook-Interview-Questions-E40772_P37.htm
Page 37 scraped.

Page 38 of 266
Getting https://www.glassdoor.com/Interview/Facebook-Interview-Questions-E40772_P38.htm
Page 38 scraped.

Page 39 of 266
Getting https://www.glassdoor.com/Interview/Facebook-Interview-Questions-E40772_P39.htm
Page 39 scraped.

Page 40 of 266
Getting https://www.glassdoor.com/Interview/Facebook-Interview-Questions-E40772_P40.htm
Page 40 scraped.

Taking a breather for a few seconds ...

Page 41 of 266
Getting https://www.glassdoor.com/Interview/Facebook-Interview-Questions-E40772_P41.htm
Page 41 scraped.

Page 42 of 266
Getting https://www.glassdoor.com/Interview/Facebook-Interview-Questions-E40772_P42.htm
Page 42 scraped.

Page 43 of 266
Getting https://www.glassdoor.com/Interview/Facebook-Interview-Questions-E40772_P43.htm
Page 43 scraped.

Page 44 of 266
Getting https://www.glassdoor.com/Interview/Facebook-Interview-Questions-E40772_P44.htm
Page 44 scraped.

Page 45 of 266
Getting https://www.glassdoor.com/Interview/Facebook-Interview-Questions-E40772_P45.htm
Page 45 scraped.

Page 46 of 266
Getting https://www.glassdoor.com/Interview/Facebook-Interview-Questions-E40772_P46.htm
Page 46 scraped.

Page 47 of 266
Getting https://www.glassdoor.com/Interview/Facebook-Interview-Questions-E40772_P47.htm
Page 47 scraped.

Page 48 of 266
Getting https://www.glassdoor.com/Interview/Facebook-Interview-Questions-E40772_P48.htm
Page 48 scraped.

Page 49 of 266
Getting https://www.glassdoor.com/Interview/Facebook-Interview-Questions-E40772_P49.htm
Page 49 scraped.

Page 50 of 266
Getting https://www.glassdoor.com/Interview/Facebook-Interview-Questions-E40772_P50.htm
Page 50 scraped.

Taking a breather for a few seconds ...

Page 51 of 266
Getting https://www.glassdoor.com/Interview/Facebook-Interview-Questions-E40772_P51.htm
Page 51 scraped.

Page 52 of 266
Getting https://www.glassdoor.com/Interview/Facebook-Interview-Questions-E40772_P52.htm
Page 52 scraped.

Page 53 of 266
Getting https://www.glassdoor.com/Interview/Facebook-Interview-Questions-E40772_P53.htm
Page 53 scraped.

Page 54 of 266
Getting https://www.glassdoor.com/Interview/Facebook-Interview-Questions-E40772_P54.htm
Page 54 scraped.

Page 55 of 266
Getting https://www.glassdoor.com/Interview/Facebook-Interview-Questions-E40772_P55.htm
Page 55 scraped.

Page 56 of 266
Getting https://www.glassdoor.com/Interview/Facebook-Interview-Questions-E40772_P56.htm
Page 56 scraped.

Page 57 of 266
Getting https://www.glassdoor.com/Interview/Facebook-Interview-Questions-E40772_P57.htm
Page 57 scraped.

Page 58 of 266
Getting https://www.glassdoor.com/Interview/Facebook-Interview-Questions-E40772_P58.htm
Page 58 scraped.

Page 59 of 266
Getting https://www.glassdoor.com/Interview/Facebook-Interview-Questions-E40772_P59.htm
Page 59 scraped.

Page 60 of 266
Getting https://www.glassdoor.com/Interview/Facebook-Interview-Questions-E40772_P60.htm
Page 60 scraped.

Taking a breather for a few seconds ...

Page 61 of 266
Getting https://www.glassdoor.com/Interview/Facebook-Interview-Questions-E40772_P61.htm
Page 61 scraped.

Page 62 of 266
Getting https://www.glassdoor.com/Interview/Facebook-Interview-Questions-E40772_P62.htm
Page 62 scraped.

Page 63 of 266
Getting https://www.glassdoor.com/Interview/Facebook-Interview-Questions-E40772_P63.htm
Page 63 scraped.

Page 64 of 266
Getting https://www.glassdoor.com/Interview/Facebook-Interview-Questions-E40772_P64.htm
Page 64 scraped.

Page 65 of 266
Getting https://www.glassdoor.com/Interview/Facebook-Interview-Questions-E40772_P65.htm
Page 65 scraped.

Page 66 of 266
Getting https://www.glassdoor.com/Interview/Facebook-Interview-Questions-E40772_P66.htm
Page 66 scraped.

Page 67 of 266
Getting https://www.glassdoor.com/Interview/Facebook-Interview-Questions-E40772_P67.htm
Page 67 scraped.

Page 68 of 266
Getting https://www.glassdoor.com/Interview/Facebook-Interview-Questions-E40772_P68.htm
Page 68 scraped.

Page 69 of 266
Getting https://www.glassdoor.com/Interview/Facebook-Interview-Questions-E40772_P69.htm
Page 69 scraped.

Page 70 of 266
Getting https://www.glassdoor.com/Interview/Facebook-Interview-Questions-E40772_P70.htm
Page 70 scraped.

Taking a breather for a few seconds ...

Page 71 of 266
Getting https://www.glassdoor.com/Interview/Facebook-Interview-Questions-E40772_P71.htm
Page 71 scraped.

Page 72 of 266
Getting https://www.glassdoor.com/Interview/Facebook-Interview-Questions-E40772_P72.htm
Page 72 scraped.

Page 73 of 266
Getting https://www.glassdoor.com/Interview/Facebook-Interview-Questions-E40772_P73.htm
Page 73 scraped.

Page 74 of 266
Getting https://www.glassdoor.com/Interview/Facebook-Interview-Questions-E40772_P74.htm
Page 74 scraped.

Page 75 of 266
Getting https://www.glassdoor.com/Interview/Facebook-Interview-Questions-E40772_P75.htm
Page 75 scraped.

Page 76 of 266
Getting https://www.glassdoor.com/Interview/Facebook-Interview-Questions-E40772_P76.htm
Page 76 scraped.

Page 77 of 266
Getting https://www.glassdoor.com/Interview/Facebook-Interview-Questions-E40772_P77.htm
Page 77 scraped.

Page 78 of 266
Getting https://www.glassdoor.com/Interview/Facebook-Interview-Questions-E40772_P78.htm
Page 78 scraped.

Page 79 of 266
Getting https://www.glassdoor.com/Interview/Facebook-Interview-Questions-E40772_P79.htm
Page 79 scraped.

Page 80 of 266
Getting https://www.glassdoor.com/Interview/Facebook-Interview-Questions-E40772_P80.htm
Page 80 scraped.

Taking a breather for a few seconds ...

Page 81 of 266
Getting https://www.glassdoor.com/Interview/Facebook-Interview-Questions-E40772_P81.htm
Page 81 scraped.

Page 82 of 266
Getting https://www.glassdoor.com/Interview/Facebook-Interview-Questions-E40772_P82.htm
Page 82 scraped.

Page 83 of 266
Getting https://www.glassdoor.com/Interview/Facebook-Interview-Questions-E40772_P83.htm
Page 83 scraped.

Page 84 of 266
Getting https://www.glassdoor.com/Interview/Facebook-Interview-Questions-E40772_P84.htm
Page 84 scraped.

Page 85 of 266
Getting https://www.glassdoor.com/Interview/Facebook-Interview-Questions-E40772_P85.htm
Page 85 scraped.

Page 86 of 266
Getting https://www.glassdoor.com/Interview/Facebook-Interview-Questions-E40772_P86.htm
Page 86 scraped.

Page 87 of 266
Getting https://www.glassdoor.com/Interview/Facebook-Interview-Questions-E40772_P87.htm
Page 87 scraped.

Page 88 of 266
Getting https://www.glassdoor.com/Interview/Facebook-Interview-Questions-E40772_P88.htm
Page 88 scraped.

Page 89 of 266
Getting https://www.glassdoor.com/Interview/Facebook-Interview-Questions-E40772_P89.htm
Page 89 scraped.

Page 90 of 266
Getting https://www.glassdoor.com/Interview/Facebook-Interview-Questions-E40772_P90.htm
Page 90 scraped.

Taking a breather for a few seconds ...

Page 91 of 266
Getting https://www.glassdoor.com/Interview/Facebook-Interview-Questions-E40772_P91.htm
Page 91 scraped.

Page 92 of 266
Getting https://www.glassdoor.com/Interview/Facebook-Interview-Questions-E40772_P92.htm
Page 92 scraped.

Page 93 of 266
Getting https://www.glassdoor.com/Interview/Facebook-Interview-Questions-E40772_P93.htm
Page 93 scraped.

Page 94 of 266
Getting https://www.glassdoor.com/Interview/Facebook-Interview-Questions-E40772_P94.htm
Page 94 scraped.

Page 95 of 266
Getting https://www.glassdoor.com/Interview/Facebook-Interview-Questions-E40772_P95.htm
Page 95 scraped.

Page 96 of 266
Getting https://www.glassdoor.com/Interview/Facebook-Interview-Questions-E40772_P96.htm
Page 96 scraped.

Page 97 of 266
Getting https://www.glassdoor.com/Interview/Facebook-Interview-Questions-E40772_P97.htm
Page 97 scraped.

Page 98 of 266
Getting https://www.glassdoor.com/Interview/Facebook-Interview-Questions-E40772_P98.htm
Page 98 scraped.

Page 99 of 266
Getting https://www.glassdoor.com/Interview/Facebook-Interview-Questions-E40772_P99.htm
Page 99 scraped.

Page 100 of 266
Getting https://www.glassdoor.com/Interview/Facebook-Interview-Questions-E40772_P100.htm
Page 100 scraped.

Taking a breather for a few seconds ...

Page 101 of 266
Getting https://www.glassdoor.com/Interview/Facebook-Interview-Questions-E40772_P101.htm
Page 101 scraped.

Page 102 of 266
Getting https://www.glassdoor.com/Interview/Facebook-Interview-Questions-E40772_P102.htm
Page 102 scraped.

Page 103 of 266
Getting https://www.glassdoor.com/Interview/Facebook-Interview-Questions-E40772_P103.htm
Page 103 scraped.

Page 104 of 266
Getting https://www.glassdoor.com/Interview/Facebook-Interview-Questions-E40772_P104.htm
Page 104 scraped.

Page 105 of 266
Getting https://www.glassdoor.com/Interview/Facebook-Interview-Questions-E40772_P105.htm
Page 105 scraped.

Page 106 of 266
Getting https://www.glassdoor.com/Interview/Facebook-Interview-Questions-E40772_P106.htm
Page 106 scraped.

Page 107 of 266
Getting https://www.glassdoor.com/Interview/Facebook-Interview-Questions-E40772_P107.htm
Page 107 scraped.

Page 108 of 266
Getting https://www.glassdoor.com/Interview/Facebook-Interview-Questions-E40772_P108.htm
Page 108 scraped.

Page 109 of 266
Getting https://www.glassdoor.com/Interview/Facebook-Interview-Questions-E40772_P109.htm
Page 109 scraped.

Page 110 of 266
Getting https://www.glassdoor.com/Interview/Facebook-Interview-Questions-E40772_P110.htm
Page 110 scraped.

Taking a breather for a few seconds ...

Page 111 of 266
Getting https://www.glassdoor.com/Interview/Facebook-Interview-Questions-E40772_P111.htm
Page 111 scraped.

Page 112 of 266
Getting https://www.glassdoor.com/Interview/Facebook-Interview-Questions-E40772_P112.htm
Page 112 scraped.

Page 113 of 266
Getting https://www.glassdoor.com/Interview/Facebook-Interview-Questions-E40772_P113.htm
Page 113 scraped.

Page 114 of 266
Getting https://www.glassdoor.com/Interview/Facebook-Interview-Questions-E40772_P114.htm
Page 114 scraped.

Page 115 of 266
Getting https://www.glassdoor.com/Interview/Facebook-Interview-Questions-E40772_P115.htm
Page 115 scraped.

Page 116 of 266
Getting https://www.glassdoor.com/Interview/Facebook-Interview-Questions-E40772_P116.htm
Page 116 scraped.

Page 117 of 266
Getting https://www.glassdoor.com/Interview/Facebook-Interview-Questions-E40772_P117.htm
Page 117 scraped.

Page 118 of 266
Getting https://www.glassdoor.com/Interview/Facebook-Interview-Questions-E40772_P118.htm
Page 118 scraped.

Page 119 of 266
Getting https://www.glassdoor.com/Interview/Facebook-Interview-Questions-E40772_P119.htm
Page 119 scraped.

Page 120 of 266
Getting https://www.glassdoor.com/Interview/Facebook-Interview-Questions-E40772_P120.htm
Page 120 scraped.

Taking a breather for a few seconds ...

Page 121 of 266
Getting https://www.glassdoor.com/Interview/Facebook-Interview-Questions-E40772_P121.htm
Page 121 scraped.

Page 122 of 266
Getting https://www.glassdoor.com/Interview/Facebook-Interview-Questions-E40772_P122.htm
Page 122 scraped.

Page 123 of 266
Getting https://www.glassdoor.com/Interview/Facebook-Interview-Questions-E40772_P123.htm
Page 123 scraped.

Page 124 of 266
Getting https://www.glassdoor.com/Interview/Facebook-Interview-Questions-E40772_P124.htm
Page 124 scraped.

Page 125 of 266
Getting https://www.glassdoor.com/Interview/Facebook-Interview-Questions-E40772_P125.htm
Page 125 scraped.

Page 126 of 266
Getting https://www.glassdoor.com/Interview/Facebook-Interview-Questions-E40772_P126.htm
Page 126 scraped.

Page 127 of 266
Getting https://www.glassdoor.com/Interview/Facebook-Interview-Questions-E40772_P127.htm
Page 127 scraped.

Page 128 of 266
Getting https://www.glassdoor.com/Interview/Facebook-Interview-Questions-E40772_P128.htm
Page 128 scraped.

Page 129 of 266
Getting https://www.glassdoor.com/Interview/Facebook-Interview-Questions-E40772_P129.htm
Page 129 scraped.

Page 130 of 266
Getting https://www.glassdoor.com/Interview/Facebook-Interview-Questions-E40772_P130.htm
Page 130 scraped.

Taking a breather for a few seconds ...

Page 131 of 266
Getting https://www.glassdoor.com/Interview/Facebook-Interview-Questions-E40772_P131.htm
Page 131 scraped.

Page 132 of 266
Getting https://www.glassdoor.com/Interview/Facebook-Interview-Questions-E40772_P132.htm
Page 132 scraped.

Page 133 of 266
Getting https://www.glassdoor.com/Interview/Facebook-Interview-Questions-E40772_P133.htm
Page 133 scraped.

Page 134 of 266
Getting https://www.glassdoor.com/Interview/Facebook-Interview-Questions-E40772_P134.htm
Page 134 scraped.

Page 135 of 266
Getting https://www.glassdoor.com/Interview/Facebook-Interview-Questions-E40772_P135.htm
Page 135 scraped.

Page 136 of 266
Getting https://www.glassdoor.com/Interview/Facebook-Interview-Questions-E40772_P136.htm
Page 136 scraped.

Page 137 of 266
Getting https://www.glassdoor.com/Interview/Facebook-Interview-Questions-E40772_P137.htm
Page 137 scraped.

Page 138 of 266
Getting https://www.glassdoor.com/Interview/Facebook-Interview-Questions-E40772_P138.htm
Page 138 scraped.

Page 139 of 266
Getting https://www.glassdoor.com/Interview/Facebook-Interview-Questions-E40772_P139.htm
Page 139 scraped.

Page 140 of 266
Getting https://www.glassdoor.com/Interview/Facebook-Interview-Questions-E40772_P140.htm
Page 140 scraped.

Taking a breather for a few seconds ...

Page 141 of 266
Getting https://www.glassdoor.com/Interview/Facebook-Interview-Questions-E40772_P141.htm
Page 141 scraped.

Page 142 of 266
Getting https://www.glassdoor.com/Interview/Facebook-Interview-Questions-E40772_P142.htm
Page 142 scraped.

Page 143 of 266
Getting https://www.glassdoor.com/Interview/Facebook-Interview-Questions-E40772_P143.htm
Page 143 scraped.

Page 144 of 266
Getting https://www.glassdoor.com/Interview/Facebook-Interview-Questions-E40772_P144.htm
Page 144 scraped.

Page 145 of 266
Getting https://www.glassdoor.com/Interview/Facebook-Interview-Questions-E40772_P145.htm
Page 145 scraped.

Page 146 of 266
Getting https://www.glassdoor.com/Interview/Facebook-Interview-Questions-E40772_P146.htm
Page 146 scraped.

Page 147 of 266
Getting https://www.glassdoor.com/Interview/Facebook-Interview-Questions-E40772_P147.htm
Page 147 scraped.

Page 148 of 266
Getting https://www.glassdoor.com/Interview/Facebook-Interview-Questions-E40772_P148.htm
Page 148 scraped.

Page 149 of 266
Getting https://www.glassdoor.com/Interview/Facebook-Interview-Questions-E40772_P149.htm
Page 149 scraped.

Page 150 of 266
Getting https://www.glassdoor.com/Interview/Facebook-Interview-Questions-E40772_P150.htm
Page 150 scraped.

Taking a breather for a few seconds ...

Page 151 of 266
Getting https://www.glassdoor.com/Interview/Facebook-Interview-Questions-E40772_P151.htm
Page 151 scraped.

Page 152 of 266
Getting https://www.glassdoor.com/Interview/Facebook-Interview-Questions-E40772_P152.htm
Page 152 scraped.

Page 153 of 266
Getting https://www.glassdoor.com/Interview/Facebook-Interview-Questions-E40772_P153.htm
Page 153 scraped.

Page 154 of 266
Getting https://www.glassdoor.com/Interview/Facebook-Interview-Questions-E40772_P154.htm
Page 154 scraped.

Page 155 of 266
Getting https://www.glassdoor.com/Interview/Facebook-Interview-Questions-E40772_P155.htm
Page 155 scraped.

Page 156 of 266
Getting https://www.glassdoor.com/Interview/Facebook-Interview-Questions-E40772_P156.htm
Page 156 scraped.

Page 157 of 266
Getting https://www.glassdoor.com/Interview/Facebook-Interview-Questions-E40772_P157.htm
Page 157 scraped.

Page 158 of 266
Getting https://www.glassdoor.com/Interview/Facebook-Interview-Questions-E40772_P158.htm
Page 158 scraped.

Page 159 of 266
Getting https://www.glassdoor.com/Interview/Facebook-Interview-Questions-E40772_P159.htm
Page 159 scraped.

Page 160 of 266
Getting https://www.glassdoor.com/Interview/Facebook-Interview-Questions-E40772_P160.htm
Page 160 scraped.

Taking a breather for a few seconds ...

Page 161 of 266
Getting https://www.glassdoor.com/Interview/Facebook-Interview-Questions-E40772_P161.htm
Page 161 scraped.

Page 162 of 266
Getting https://www.glassdoor.com/Interview/Facebook-Interview-Questions-E40772_P162.htm
Page 162 scraped.

Page 163 of 266
Getting https://www.glassdoor.com/Interview/Facebook-Interview-Questions-E40772_P163.htm
Page 163 scraped.

Page 164 of 266
Getting https://www.glassdoor.com/Interview/Facebook-Interview-Questions-E40772_P164.htm
Page 164 scraped.

Page 165 of 266
Getting https://www.glassdoor.com/Interview/Facebook-Interview-Questions-E40772_P165.htm
Page 165 scraped.

Page 166 of 266
Getting https://www.glassdoor.com/Interview/Facebook-Interview-Questions-E40772_P166.htm
Page 166 scraped.

Page 167 of 266
Getting https://www.glassdoor.com/Interview/Facebook-Interview-Questions-E40772_P167.htm
Page 167 scraped.

Page 168 of 266
Getting https://www.glassdoor.com/Interview/Facebook-Interview-Questions-E40772_P168.htm
Page 168 scraped.

Page 169 of 266
Getting https://www.glassdoor.com/Interview/Facebook-Interview-Questions-E40772_P169.htm
Page 169 scraped.

Page 170 of 266
Getting https://www.glassdoor.com/Interview/Facebook-Interview-Questions-E40772_P170.htm
Page 170 scraped.

Taking a breather for a few seconds ...

Page 171 of 266
Getting https://www.glassdoor.com/Interview/Facebook-Interview-Questions-E40772_P171.htm
Page 171 scraped.

Page 172 of 266
Getting https://www.glassdoor.com/Interview/Facebook-Interview-Questions-E40772_P172.htm
Page 172 scraped.

Page 173 of 266
Getting https://www.glassdoor.com/Interview/Facebook-Interview-Questions-E40772_P173.htm
Page 173 scraped.

Page 174 of 266
Getting https://www.glassdoor.com/Interview/Facebook-Interview-Questions-E40772_P174.htm
Page 174 scraped.

Page 175 of 266
Getting https://www.glassdoor.com/Interview/Facebook-Interview-Questions-E40772_P175.htm
Page 175 scraped.

Page 176 of 266
Getting https://www.glassdoor.com/Interview/Facebook-Interview-Questions-E40772_P176.htm
Page 176 scraped.

Page 177 of 266
Getting https://www.glassdoor.com/Interview/Facebook-Interview-Questions-E40772_P177.htm
Page 177 scraped.

Page 178 of 266
Getting https://www.glassdoor.com/Interview/Facebook-Interview-Questions-E40772_P178.htm
Page 178 scraped.

Page 179 of 266
Getting https://www.glassdoor.com/Interview/Facebook-Interview-Questions-E40772_P179.htm
Page 179 scraped.

Page 180 of 266
Getting https://www.glassdoor.com/Interview/Facebook-Interview-Questions-E40772_P180.htm
Page 180 scraped.

Taking a breather for a few seconds ...

Page 181 of 266
Getting https://www.glassdoor.com/Interview/Facebook-Interview-Questions-E40772_P181.htm
Page 181 scraped.

Page 182 of 266
Getting https://www.glassdoor.com/Interview/Facebook-Interview-Questions-E40772_P182.htm
Page 182 scraped.

Page 183 of 266
Getting https://www.glassdoor.com/Interview/Facebook-Interview-Questions-E40772_P183.htm
Page 183 scraped.

Page 184 of 266
Getting https://www.glassdoor.com/Interview/Facebook-Interview-Questions-E40772_P184.htm
Page 184 scraped.

Page 185 of 266
Getting https://www.glassdoor.com/Interview/Facebook-Interview-Questions-E40772_P185.htm
Page 185 scraped.

Page 186 of 266
Getting https://www.glassdoor.com/Interview/Facebook-Interview-Questions-E40772_P186.htm
Page 186 scraped.

Page 187 of 266
Getting https://www.glassdoor.com/Interview/Facebook-Interview-Questions-E40772_P187.htm
Page 187 scraped.

Page 188 of 266
Getting https://www.glassdoor.com/Interview/Facebook-Interview-Questions-E40772_P188.htm
Page 188 scraped.

Page 189 of 266
Getting https://www.glassdoor.com/Interview/Facebook-Interview-Questions-E40772_P189.htm
Page 189 scraped.

Page 190 of 266
Getting https://www.glassdoor.com/Interview/Facebook-Interview-Questions-E40772_P190.htm
Page 190 scraped.

Taking a breather for a few seconds ...

Page 191 of 266
Getting https://www.glassdoor.com/Interview/Facebook-Interview-Questions-E40772_P191.htm
Page 191 scraped.

Page 192 of 266
Getting https://www.glassdoor.com/Interview/Facebook-Interview-Questions-E40772_P192.htm
Page 192 scraped.

Page 193 of 266
Getting https://www.glassdoor.com/Interview/Facebook-Interview-Questions-E40772_P193.htm
Page 193 scraped.

Page 194 of 266
Getting https://www.glassdoor.com/Interview/Facebook-Interview-Questions-E40772_P194.htm
Page 194 scraped.

Page 195 of 266
Getting https://www.glassdoor.com/Interview/Facebook-Interview-Questions-E40772_P195.htm
Page 195 scraped.

Page 196 of 266
Getting https://www.glassdoor.com/Interview/Facebook-Interview-Questions-E40772_P196.htm
Page 196 scraped.

Page 197 of 266
Getting https://www.glassdoor.com/Interview/Facebook-Interview-Questions-E40772_P197.htm
Page 197 scraped.

Page 198 of 266
Getting https://www.glassdoor.com/Interview/Facebook-Interview-Questions-E40772_P198.htm
Page 198 scraped.

Page 199 of 266
Getting https://www.glassdoor.com/Interview/Facebook-Interview-Questions-E40772_P199.htm
Page 199 scraped.

Page 200 of 266
Getting https://www.glassdoor.com/Interview/Facebook-Interview-Questions-E40772_P200.htm
Page 200 scraped.

Taking a breather for a few seconds ...

Page 201 of 266
Getting https://www.glassdoor.com/Interview/Facebook-Interview-Questions-E40772_P201.htm
Page 201 scraped.

Page 202 of 266
Getting https://www.glassdoor.com/Interview/Facebook-Interview-Questions-E40772_P202.htm
Page 202 scraped.

Page 203 of 266
Getting https://www.glassdoor.com/Interview/Facebook-Interview-Questions-E40772_P203.htm
Page 203 scraped.

Page 204 of 266
Getting https://www.glassdoor.com/Interview/Facebook-Interview-Questions-E40772_P204.htm
Page 204 scraped.

Page 205 of 266
Getting https://www.glassdoor.com/Interview/Facebook-Interview-Questions-E40772_P205.htm
Page 205 scraped.

Page 206 of 266
Getting https://www.glassdoor.com/Interview/Facebook-Interview-Questions-E40772_P206.htm
Page 206 scraped.

Page 207 of 266
Getting https://www.glassdoor.com/Interview/Facebook-Interview-Questions-E40772_P207.htm
Page 207 scraped.

Page 208 of 266
Getting https://www.glassdoor.com/Interview/Facebook-Interview-Questions-E40772_P208.htm
Page 208 scraped.

Page 209 of 266
Getting https://www.glassdoor.com/Interview/Facebook-Interview-Questions-E40772_P209.htm
Page 209 scraped.

Page 210 of 266
Getting https://www.glassdoor.com/Interview/Facebook-Interview-Questions-E40772_P210.htm
Page 210 scraped.

Taking a breather for a few seconds ...

Page 211 of 266
Getting https://www.glassdoor.com/Interview/Facebook-Interview-Questions-E40772_P211.htm
Page 211 scraped.

Page 212 of 266
Getting https://www.glassdoor.com/Interview/Facebook-Interview-Questions-E40772_P212.htm
Page 212 scraped.

Page 213 of 266
Getting https://www.glassdoor.com/Interview/Facebook-Interview-Questions-E40772_P213.htm
Page 213 scraped.

Page 214 of 266
Getting https://www.glassdoor.com/Interview/Facebook-Interview-Questions-E40772_P214.htm
Page 214 scraped.

Page 215 of 266
Getting https://www.glassdoor.com/Interview/Facebook-Interview-Questions-E40772_P215.htm
Page 215 scraped.

Page 216 of 266
Getting https://www.glassdoor.com/Interview/Facebook-Interview-Questions-E40772_P216.htm
Page 216 scraped.

Page 217 of 266
Getting https://www.glassdoor.com/Interview/Facebook-Interview-Questions-E40772_P217.htm
Page 217 scraped.

Page 218 of 266
Getting https://www.glassdoor.com/Interview/Facebook-Interview-Questions-E40772_P218.htm
Page 218 scraped.

Page 219 of 266
Getting https://www.glassdoor.com/Interview/Facebook-Interview-Questions-E40772_P219.htm
Page 219 scraped.

Page 220 of 266
Getting https://www.glassdoor.com/Interview/Facebook-Interview-Questions-E40772_P220.htm
Page 220 scraped.

Taking a breather for a few seconds ...

Page 221 of 266
Getting https://www.glassdoor.com/Interview/Facebook-Interview-Questions-E40772_P221.htm
Page 221 scraped.

Page 222 of 266
Getting https://www.glassdoor.com/Interview/Facebook-Interview-Questions-E40772_P222.htm
Page 222 scraped.

Page 223 of 266
Getting https://www.glassdoor.com/Interview/Facebook-Interview-Questions-E40772_P223.htm
Page 223 scraped.

Page 224 of 266
Getting https://www.glassdoor.com/Interview/Facebook-Interview-Questions-E40772_P224.htm
Page 224 scraped.

Page 225 of 266
Getting https://www.glassdoor.com/Interview/Facebook-Interview-Questions-E40772_P225.htm
Page 225 scraped.

Page 226 of 266
Getting https://www.glassdoor.com/Interview/Facebook-Interview-Questions-E40772_P226.htm
Page 226 scraped.

Page 227 of 266
Getting https://www.glassdoor.com/Interview/Facebook-Interview-Questions-E40772_P227.htm
Page 227 scraped.

Page 228 of 266
Getting https://www.glassdoor.com/Interview/Facebook-Interview-Questions-E40772_P228.htm
Page 228 scraped.

Page 229 of 266
Getting https://www.glassdoor.com/Interview/Facebook-Interview-Questions-E40772_P229.htm
Page 229 scraped.

Page 230 of 266
Getting https://www.glassdoor.com/Interview/Facebook-Interview-Questions-E40772_P230.htm
Page 230 scraped.

Taking a breather for a few seconds ...

Page 231 of 266
Getting https://www.glassdoor.com/Interview/Facebook-Interview-Questions-E40772_P231.htm
Page 231 scraped.

Page 232 of 266
Getting https://www.glassdoor.com/Interview/Facebook-Interview-Questions-E40772_P232.htm
Page 232 scraped.

Page 233 of 266
Getting https://www.glassdoor.com/Interview/Facebook-Interview-Questions-E40772_P233.htm
Page 233 scraped.

Page 234 of 266
Getting https://www.glassdoor.com/Interview/Facebook-Interview-Questions-E40772_P234.htm
Page 234 scraped.

Page 235 of 266
Getting https://www.glassdoor.com/Interview/Facebook-Interview-Questions-E40772_P235.htm
Page 235 scraped.

Page 236 of 266
Getting https://www.glassdoor.com/Interview/Facebook-Interview-Questions-E40772_P236.htm
Page 236 scraped.

Page 237 of 266
Getting https://www.glassdoor.com/Interview/Facebook-Interview-Questions-E40772_P237.htm
Page 237 scraped.

Page 238 of 266
Getting https://www.glassdoor.com/Interview/Facebook-Interview-Questions-E40772_P238.htm
Page 238 scraped.

Page 239 of 266
Getting https://www.glassdoor.com/Interview/Facebook-Interview-Questions-E40772_P239.htm
Page 239 scraped.

Page 240 of 266
Getting https://www.glassdoor.com/Interview/Facebook-Interview-Questions-E40772_P240.htm
Page 240 scraped.

Taking a breather for a few seconds ...

Page 241 of 266
Getting https://www.glassdoor.com/Interview/Facebook-Interview-Questions-E40772_P241.htm
Page 241 scraped.

Page 242 of 266
Getting https://www.glassdoor.com/Interview/Facebook-Interview-Questions-E40772_P242.htm
Page 242 scraped.

Page 243 of 266
Getting https://www.glassdoor.com/Interview/Facebook-Interview-Questions-E40772_P243.htm
Page 243 scraped.

Page 244 of 266
Getting https://www.glassdoor.com/Interview/Facebook-Interview-Questions-E40772_P244.htm
Page 244 scraped.

Page 245 of 266
Getting https://www.glassdoor.com/Interview/Facebook-Interview-Questions-E40772_P245.htm
Page 245 scraped.

Page 246 of 266
Getting https://www.glassdoor.com/Interview/Facebook-Interview-Questions-E40772_P246.htm
Page 246 scraped.

Page 247 of 266
Getting https://www.glassdoor.com/Interview/Facebook-Interview-Questions-E40772_P247.htm
Page 247 scraped.

Page 248 of 266
Getting https://www.glassdoor.com/Interview/Facebook-Interview-Questions-E40772_P248.htm
Page 248 scraped.

Page 249 of 266
Getting https://www.glassdoor.com/Interview/Facebook-Interview-Questions-E40772_P249.htm
Page 249 scraped.

Page 250 of 266
Getting https://www.glassdoor.com/Interview/Facebook-Interview-Questions-E40772_P250.htm
Page 250 scraped.

Taking a breather for a few seconds ...

Page 251 of 266
Getting https://www.glassdoor.com/Interview/Facebook-Interview-Questions-E40772_P251.htm
Page 251 scraped.

Page 252 of 266
Getting https://www.glassdoor.com/Interview/Facebook-Interview-Questions-E40772_P252.htm
Page 252 scraped.

Page 253 of 266
Getting https://www.glassdoor.com/Interview/Facebook-Interview-Questions-E40772_P253.htm
Page 253 scraped.

Page 254 of 266
Getting https://www.glassdoor.com/Interview/Facebook-Interview-Questions-E40772_P254.htm
Page 254 scraped.

Page 255 of 266
Getting https://www.glassdoor.com/Interview/Facebook-Interview-Questions-E40772_P255.htm
Page 255 scraped.

Page 256 of 266
Getting https://www.glassdoor.com/Interview/Facebook-Interview-Questions-E40772_P256.htm
Page 256 scraped.

Page 257 of 266
Getting https://www.glassdoor.com/Interview/Facebook-Interview-Questions-E40772_P257.htm
Page 257 scraped.

Page 258 of 266
Getting https://www.glassdoor.com/Interview/Facebook-Interview-Questions-E40772_P258.htm
Page 258 scraped.

Page 259 of 266
Getting https://www.glassdoor.com/Interview/Facebook-Interview-Questions-E40772_P259.htm
Page 259 scraped.

Page 260 of 266
Getting https://www.glassdoor.com/Interview/Facebook-Interview-Questions-E40772_P260.htm
Page 260 scraped.

Taking a breather for a few seconds ...

Page 261 of 266
Getting https://www.glassdoor.com/Interview/Facebook-Interview-Questions-E40772_P261.htm
Page 261 scraped.

Page 262 of 266
Getting https://www.glassdoor.com/Interview/Facebook-Interview-Questions-E40772_P262.htm
Page 262 scraped.

Page 263 of 266
Getting https://www.glassdoor.com/Interview/Facebook-Interview-Questions-E40772_P263.htm
Page 263 scraped.

Page 264 of 266
Getting https://www.glassdoor.com/Interview/Facebook-Interview-Questions-E40772_P264.htm
Page 264 scraped.

Page 265 of 266
Getting https://www.glassdoor.com/Interview/Facebook-Interview-Questions-E40772_P265.htm
Page 265 scraped.

Page 266 of 266
Getting https://www.glassdoor.com/Interview/Facebook-Interview-Questions-E40772_P266.htm
Page 266 scraped.

Exporting data to facebook.json
Logging into Glassdoor account ...

Starting data scraping ...

Page 1 of 379
Getting https://www.glassdoor.com/Interview/Microsoft-US-Interview-Questions-EI_IE1651.0,9_IL.10,12_IN1.htm
Page 1 scraped.

Page 2 of 379
Getting https://www.glassdoor.com/Interview/Microsoft-US-Interview-Questions-EI_IE1651.0,9_IL.10,12_IN1_IP2.htm
Page 2 scraped.

Page 3 of 379
Getting https://www.glassdoor.com/Interview/Microsoft-US-Interview-Questions-EI_IE1651.0,9_IL.10,12_IN1_IP3.htm
Page 3 scraped.

Page 4 of 379
Getting https://www.glassdoor.com/Interview/Microsoft-US-Interview-Questions-EI_IE1651.0,9_IL.10,12_IN1_IP4.htm
Page 4 scraped.

Page 5 of 379
Getting https://www.glassdoor.com/Interview/Microsoft-US-Interview-Questions-EI_IE1651.0,9_IL.10,12_IN1_IP5.htm
Page 5 scraped.

Page 6 of 379
Getting https://www.glassdoor.com/Interview/Microsoft-US-Interview-Questions-EI_IE1651.0,9_IL.10,12_IN1_IP6.htm
Page 6 scraped.

Page 7 of 379
Getting https://www.glassdoor.com/Interview/Microsoft-US-Interview-Questions-EI_IE1651.0,9_IL.10,12_IN1_IP7.htm
Page 7 scraped.

Page 8 of 379
Getting https://www.glassdoor.com/Interview/Microsoft-US-Interview-Questions-EI_IE1651.0,9_IL.10,12_IN1_IP8.htm
Page 8 scraped.

Page 9 of 379
Getting https://www.glassdoor.com/Interview/Microsoft-US-Interview-Questions-EI_IE1651.0,9_IL.10,12_IN1_IP9.htm
Page 9 scraped.

Page 10 of 379
Getting https://www.glassdoor.com/Interview/Microsoft-US-Interview-Questions-EI_IE1651.0,9_IL.10,12_IN1_IP10.htm
Page 10 scraped.

Taking a breather for a few seconds ...

Page 11 of 379
Getting https://www.glassdoor.com/Interview/Microsoft-US-Interview-Questions-EI_IE1651.0,9_IL.10,12_IN1_IP11.htm
Page 11 scraped.

Page 12 of 379
Getting https://www.glassdoor.com/Interview/Microsoft-US-Interview-Questions-EI_IE1651.0,9_IL.10,12_IN1_IP12.htm
Page 12 scraped.

Page 13 of 379
Getting https://www.glassdoor.com/Interview/Microsoft-US-Interview-Questions-EI_IE1651.0,9_IL.10,12_IN1_IP13.htm
Page 13 scraped.

Page 14 of 379
Getting https://www.glassdoor.com/Interview/Microsoft-US-Interview-Questions-EI_IE1651.0,9_IL.10,12_IN1_IP14.htm
Page 14 scraped.

Page 15 of 379
Getting https://www.glassdoor.com/Interview/Microsoft-US-Interview-Questions-EI_IE1651.0,9_IL.10,12_IN1_IP15.htm
Page 15 scraped.

Page 16 of 379
Getting https://www.glassdoor.com/Interview/Microsoft-US-Interview-Questions-EI_IE1651.0,9_IL.10,12_IN1_IP16.htm
Page 16 scraped.

Page 17 of 379
Getting https://www.glassdoor.com/Interview/Microsoft-US-Interview-Questions-EI_IE1651.0,9_IL.10,12_IN1_IP17.htm
Page 17 scraped.

Page 18 of 379
Getting https://www.glassdoor.com/Interview/Microsoft-US-Interview-Questions-EI_IE1651.0,9_IL.10,12_IN1_IP18.htm
Page 18 scraped.

Page 19 of 379
Getting https://www.glassdoor.com/Interview/Microsoft-US-Interview-Questions-EI_IE1651.0,9_IL.10,12_IN1_IP19.htm
Page 19 scraped.

Page 20 of 379
Getting https://www.glassdoor.com/Interview/Microsoft-US-Interview-Questions-EI_IE1651.0,9_IL.10,12_IN1_IP20.htm
Page 20 scraped.

Taking a breather for a few seconds ...

Page 21 of 379
Getting https://www.glassdoor.com/Interview/Microsoft-US-Interview-Questions-EI_IE1651.0,9_IL.10,12_IN1_IP21.htm
Page 21 scraped.

Page 22 of 379
Getting https://www.glassdoor.com/Interview/Microsoft-US-Interview-Questions-EI_IE1651.0,9_IL.10,12_IN1_IP22.htm
Page 22 scraped.

Page 23 of 379
Getting https://www.glassdoor.com/Interview/Microsoft-US-Interview-Questions-EI_IE1651.0,9_IL.10,12_IN1_IP23.htm
Page 23 scraped.

Page 24 of 379
Getting https://www.glassdoor.com/Interview/Microsoft-US-Interview-Questions-EI_IE1651.0,9_IL.10,12_IN1_IP24.htm
Page 24 scraped.

Page 25 of 379
Getting https://www.glassdoor.com/Interview/Microsoft-US-Interview-Questions-EI_IE1651.0,9_IL.10,12_IN1_IP25.htm
Page 25 scraped.

Page 26 of 379
Getting https://www.glassdoor.com/Interview/Microsoft-US-Interview-Questions-EI_IE1651.0,9_IL.10,12_IN1_IP26.htm
Page 26 scraped.

Page 27 of 379
Getting https://www.glassdoor.com/Interview/Microsoft-US-Interview-Questions-EI_IE1651.0,9_IL.10,12_IN1_IP27.htm
Page 27 scraped.

Page 28 of 379
Getting https://www.glassdoor.com/Interview/Microsoft-US-Interview-Questions-EI_IE1651.0,9_IL.10,12_IN1_IP28.htm
Page 28 scraped.

Page 29 of 379
Getting https://www.glassdoor.com/Interview/Microsoft-US-Interview-Questions-EI_IE1651.0,9_IL.10,12_IN1_IP29.htm
Page 29 scraped.

Page 30 of 379
Getting https://www.glassdoor.com/Interview/Microsoft-US-Interview-Questions-EI_IE1651.0,9_IL.10,12_IN1_IP30.htm
Page 30 scraped.

Taking a breather for a few seconds ...

Page 31 of 379
Getting https://www.glassdoor.com/Interview/Microsoft-US-Interview-Questions-EI_IE1651.0,9_IL.10,12_IN1_IP31.htm
Page 31 scraped.

Page 32 of 379
Getting https://www.glassdoor.com/Interview/Microsoft-US-Interview-Questions-EI_IE1651.0,9_IL.10,12_IN1_IP32.htm
Page 32 scraped.

Page 33 of 379
Getting https://www.glassdoor.com/Interview/Microsoft-US-Interview-Questions-EI_IE1651.0,9_IL.10,12_IN1_IP33.htm
Page 33 scraped.

Page 34 of 379
Getting https://www.glassdoor.com/Interview/Microsoft-US-Interview-Questions-EI_IE1651.0,9_IL.10,12_IN1_IP34.htm
Page 34 scraped.

Page 35 of 379
Getting https://www.glassdoor.com/Interview/Microsoft-US-Interview-Questions-EI_IE1651.0,9_IL.10,12_IN1_IP35.htm
Page 35 scraped.

Page 36 of 379
Getting https://www.glassdoor.com/Interview/Microsoft-US-Interview-Questions-EI_IE1651.0,9_IL.10,12_IN1_IP36.htm
Page 36 scraped.

Page 37 of 379
Getting https://www.glassdoor.com/Interview/Microsoft-US-Interview-Questions-EI_IE1651.0,9_IL.10,12_IN1_IP37.htm
Page 37 scraped.

Page 38 of 379
Getting https://www.glassdoor.com/Interview/Microsoft-US-Interview-Questions-EI_IE1651.0,9_IL.10,12_IN1_IP38.htm
Page 38 scraped.

Page 39 of 379
Getting https://www.glassdoor.com/Interview/Microsoft-US-Interview-Questions-EI_IE1651.0,9_IL.10,12_IN1_IP39.htm
Page 39 scraped.

Page 40 of 379
Getting https://www.glassdoor.com/Interview/Microsoft-US-Interview-Questions-EI_IE1651.0,9_IL.10,12_IN1_IP40.htm
Page 40 scraped.

Taking a breather for a few seconds ...

Page 41 of 379
Getting https://www.glassdoor.com/Interview/Microsoft-US-Interview-Questions-EI_IE1651.0,9_IL.10,12_IN1_IP41.htm
Page 41 scraped.

Page 42 of 379
Getting https://www.glassdoor.com/Interview/Microsoft-US-Interview-Questions-EI_IE1651.0,9_IL.10,12_IN1_IP42.htm
Page 42 scraped.

Page 43 of 379
Getting https://www.glassdoor.com/Interview/Microsoft-US-Interview-Questions-EI_IE1651.0,9_IL.10,12_IN1_IP43.htm
Page 43 scraped.

Page 44 of 379
Getting https://www.glassdoor.com/Interview/Microsoft-US-Interview-Questions-EI_IE1651.0,9_IL.10,12_IN1_IP44.htm
Page 44 scraped.

Page 45 of 379
Getting https://www.glassdoor.com/Interview/Microsoft-US-Interview-Questions-EI_IE1651.0,9_IL.10,12_IN1_IP45.htm
Page 45 scraped.

Page 46 of 379
Getting https://www.glassdoor.com/Interview/Microsoft-US-Interview-Questions-EI_IE1651.0,9_IL.10,12_IN1_IP46.htm
Page 46 scraped.

Page 47 of 379
Getting https://www.glassdoor.com/Interview/Microsoft-US-Interview-Questions-EI_IE1651.0,9_IL.10,12_IN1_IP47.htm
Page 47 scraped.

Page 48 of 379
Getting https://www.glassdoor.com/Interview/Microsoft-US-Interview-Questions-EI_IE1651.0,9_IL.10,12_IN1_IP48.htm
Page 48 scraped.

Page 49 of 379
Getting https://www.glassdoor.com/Interview/Microsoft-US-Interview-Questions-EI_IE1651.0,9_IL.10,12_IN1_IP49.htm
Page 49 scraped.

Page 50 of 379
Getting https://www.glassdoor.com/Interview/Microsoft-US-Interview-Questions-EI_IE1651.0,9_IL.10,12_IN1_IP50.htm
Page 50 scraped.

Taking a breather for a few seconds ...

Page 51 of 379
Getting https://www.glassdoor.com/Interview/Microsoft-US-Interview-Questions-EI_IE1651.0,9_IL.10,12_IN1_IP51.htm
Page 51 scraped.

Page 52 of 379
Getting https://www.glassdoor.com/Interview/Microsoft-US-Interview-Questions-EI_IE1651.0,9_IL.10,12_IN1_IP52.htm
Page 52 scraped.

Page 53 of 379
Getting https://www.glassdoor.com/Interview/Microsoft-US-Interview-Questions-EI_IE1651.0,9_IL.10,12_IN1_IP53.htm
Page 53 scraped.

Page 54 of 379
Getting https://www.glassdoor.com/Interview/Microsoft-US-Interview-Questions-EI_IE1651.0,9_IL.10,12_IN1_IP54.htm
Page 54 scraped.

Page 55 of 379
Getting https://www.glassdoor.com/Interview/Microsoft-US-Interview-Questions-EI_IE1651.0,9_IL.10,12_IN1_IP55.htm
Page 55 scraped.

Page 56 of 379
Getting https://www.glassdoor.com/Interview/Microsoft-US-Interview-Questions-EI_IE1651.0,9_IL.10,12_IN1_IP56.htm
Page 56 scraped.

Page 57 of 379
Getting https://www.glassdoor.com/Interview/Microsoft-US-Interview-Questions-EI_IE1651.0,9_IL.10,12_IN1_IP57.htm
Page 57 scraped.

Page 58 of 379
Getting https://www.glassdoor.com/Interview/Microsoft-US-Interview-Questions-EI_IE1651.0,9_IL.10,12_IN1_IP58.htm
Page 58 scraped.

Page 59 of 379
Getting https://www.glassdoor.com/Interview/Microsoft-US-Interview-Questions-EI_IE1651.0,9_IL.10,12_IN1_IP59.htm
Page 59 scraped.

Page 60 of 379
Getting https://www.glassdoor.com/Interview/Microsoft-US-Interview-Questions-EI_IE1651.0,9_IL.10,12_IN1_IP60.htm
Page 60 scraped.

Taking a breather for a few seconds ...

Page 61 of 379
Getting https://www.glassdoor.com/Interview/Microsoft-US-Interview-Questions-EI_IE1651.0,9_IL.10,12_IN1_IP61.htm
Page 61 scraped.

Page 62 of 379
Getting https://www.glassdoor.com/Interview/Microsoft-US-Interview-Questions-EI_IE1651.0,9_IL.10,12_IN1_IP62.htm
Page 62 scraped.

Page 63 of 379
Getting https://www.glassdoor.com/Interview/Microsoft-US-Interview-Questions-EI_IE1651.0,9_IL.10,12_IN1_IP63.htm
Page 63 scraped.

Page 64 of 379
Getting https://www.glassdoor.com/Interview/Microsoft-US-Interview-Questions-EI_IE1651.0,9_IL.10,12_IN1_IP64.htm
Page 64 scraped.

Page 65 of 379
Getting https://www.glassdoor.com/Interview/Microsoft-US-Interview-Questions-EI_IE1651.0,9_IL.10,12_IN1_IP65.htm
Page 65 scraped.

Page 66 of 379
Getting https://www.glassdoor.com/Interview/Microsoft-US-Interview-Questions-EI_IE1651.0,9_IL.10,12_IN1_IP66.htm
Page 66 scraped.

Page 67 of 379
Getting https://www.glassdoor.com/Interview/Microsoft-US-Interview-Questions-EI_IE1651.0,9_IL.10,12_IN1_IP67.htm
Page 67 scraped.

Page 68 of 379
Getting https://www.glassdoor.com/Interview/Microsoft-US-Interview-Questions-EI_IE1651.0,9_IL.10,12_IN1_IP68.htm
Page 68 scraped.

Page 69 of 379
Getting https://www.glassdoor.com/Interview/Microsoft-US-Interview-Questions-EI_IE1651.0,9_IL.10,12_IN1_IP69.htm
Page 69 scraped.

Page 70 of 379
Getting https://www.glassdoor.com/Interview/Microsoft-US-Interview-Questions-EI_IE1651.0,9_IL.10,12_IN1_IP70.htm
Page 70 scraped.

Taking a breather for a few seconds ...

Page 71 of 379
Getting https://www.glassdoor.com/Interview/Microsoft-US-Interview-Questions-EI_IE1651.0,9_IL.10,12_IN1_IP71.htm
Page 71 scraped.

Page 72 of 379
Getting https://www.glassdoor.com/Interview/Microsoft-US-Interview-Questions-EI_IE1651.0,9_IL.10,12_IN1_IP72.htm
Page 72 scraped.

Page 73 of 379
Getting https://www.glassdoor.com/Interview/Microsoft-US-Interview-Questions-EI_IE1651.0,9_IL.10,12_IN1_IP73.htm
Page 73 scraped.

Page 74 of 379
Getting https://www.glassdoor.com/Interview/Microsoft-US-Interview-Questions-EI_IE1651.0,9_IL.10,12_IN1_IP74.htm
Page 74 scraped.

Page 75 of 379
Getting https://www.glassdoor.com/Interview/Microsoft-US-Interview-Questions-EI_IE1651.0,9_IL.10,12_IN1_IP75.htm
Page 75 scraped.

Page 76 of 379
Getting https://www.glassdoor.com/Interview/Microsoft-US-Interview-Questions-EI_IE1651.0,9_IL.10,12_IN1_IP76.htm
Page 76 scraped.

Page 77 of 379
Getting https://www.glassdoor.com/Interview/Microsoft-US-Interview-Questions-EI_IE1651.0,9_IL.10,12_IN1_IP77.htm
Page 77 scraped.

Page 78 of 379
Getting https://www.glassdoor.com/Interview/Microsoft-US-Interview-Questions-EI_IE1651.0,9_IL.10,12_IN1_IP78.htm
Page 78 scraped.

Page 79 of 379
Getting https://www.glassdoor.com/Interview/Microsoft-US-Interview-Questions-EI_IE1651.0,9_IL.10,12_IN1_IP79.htm
Page 79 scraped.

Page 80 of 379
Getting https://www.glassdoor.com/Interview/Microsoft-US-Interview-Questions-EI_IE1651.0,9_IL.10,12_IN1_IP80.htm
Page 80 scraped.

Taking a breather for a few seconds ...

Page 81 of 379
Getting https://www.glassdoor.com/Interview/Microsoft-US-Interview-Questions-EI_IE1651.0,9_IL.10,12_IN1_IP81.htm
Page 81 scraped.

Page 82 of 379
Getting https://www.glassdoor.com/Interview/Microsoft-US-Interview-Questions-EI_IE1651.0,9_IL.10,12_IN1_IP82.htm
Page 82 scraped.

Page 83 of 379
Getting https://www.glassdoor.com/Interview/Microsoft-US-Interview-Questions-EI_IE1651.0,9_IL.10,12_IN1_IP83.htm
Page 83 scraped.

Page 84 of 379
Getting https://www.glassdoor.com/Interview/Microsoft-US-Interview-Questions-EI_IE1651.0,9_IL.10,12_IN1_IP84.htm
Page 84 scraped.

Page 85 of 379
Getting https://www.glassdoor.com/Interview/Microsoft-US-Interview-Questions-EI_IE1651.0,9_IL.10,12_IN1_IP85.htm
Page 85 scraped.

Page 86 of 379
Getting https://www.glassdoor.com/Interview/Microsoft-US-Interview-Questions-EI_IE1651.0,9_IL.10,12_IN1_IP86.htm
Page 86 scraped.

Page 87 of 379
Getting https://www.glassdoor.com/Interview/Microsoft-US-Interview-Questions-EI_IE1651.0,9_IL.10,12_IN1_IP87.htm
Page 87 scraped.

Page 88 of 379
Getting https://www.glassdoor.com/Interview/Microsoft-US-Interview-Questions-EI_IE1651.0,9_IL.10,12_IN1_IP88.htm
Page 88 scraped.

Page 89 of 379
Getting https://www.glassdoor.com/Interview/Microsoft-US-Interview-Questions-EI_IE1651.0,9_IL.10,12_IN1_IP89.htm
Page 89 scraped.

Page 90 of 379
Getting https://www.glassdoor.com/Interview/Microsoft-US-Interview-Questions-EI_IE1651.0,9_IL.10,12_IN1_IP90.htm
Page 90 scraped.

Taking a breather for a few seconds ...

Page 91 of 379
Getting https://www.glassdoor.com/Interview/Microsoft-US-Interview-Questions-EI_IE1651.0,9_IL.10,12_IN1_IP91.htm
Page 91 scraped.

Page 92 of 379
Getting https://www.glassdoor.com/Interview/Microsoft-US-Interview-Questions-EI_IE1651.0,9_IL.10,12_IN1_IP92.htm
Page 92 scraped.

Page 93 of 379
Getting https://www.glassdoor.com/Interview/Microsoft-US-Interview-Questions-EI_IE1651.0,9_IL.10,12_IN1_IP93.htm
Page 93 scraped.

Page 94 of 379
Getting https://www.glassdoor.com/Interview/Microsoft-US-Interview-Questions-EI_IE1651.0,9_IL.10,12_IN1_IP94.htm
Page 94 scraped.

Page 95 of 379
Getting https://www.glassdoor.com/Interview/Microsoft-US-Interview-Questions-EI_IE1651.0,9_IL.10,12_IN1_IP95.htm
Page 95 scraped.

Page 96 of 379
Getting https://www.glassdoor.com/Interview/Microsoft-US-Interview-Questions-EI_IE1651.0,9_IL.10,12_IN1_IP96.htm
Page 96 scraped.

Page 97 of 379
Getting https://www.glassdoor.com/Interview/Microsoft-US-Interview-Questions-EI_IE1651.0,9_IL.10,12_IN1_IP97.htm
Page 97 scraped.

Page 98 of 379
Getting https://www.glassdoor.com/Interview/Microsoft-US-Interview-Questions-EI_IE1651.0,9_IL.10,12_IN1_IP98.htm
Page 98 scraped.

Page 99 of 379
Getting https://www.glassdoor.com/Interview/Microsoft-US-Interview-Questions-EI_IE1651.0,9_IL.10,12_IN1_IP99.htm
Page 99 scraped.

Page 100 of 379
Getting https://www.glassdoor.com/Interview/Microsoft-US-Interview-Questions-EI_IE1651.0,9_IL.10,12_IN1_IP100.htm
Page 100 scraped.

Taking a breather for a few seconds ...

Page 101 of 379
Getting https://www.glassdoor.com/Interview/Microsoft-US-Interview-Questions-EI_IE1651.0,9_IL.10,12_IN1_IP101.htm
Page 101 scraped.

Page 102 of 379
Getting https://www.glassdoor.com/Interview/Microsoft-US-Interview-Questions-EI_IE1651.0,9_IL.10,12_IN1_IP102.htm
Page 102 scraped.

Page 103 of 379
Getting https://www.glassdoor.com/Interview/Microsoft-US-Interview-Questions-EI_IE1651.0,9_IL.10,12_IN1_IP103.htm
Page 103 scraped.

Page 104 of 379
Getting https://www.glassdoor.com/Interview/Microsoft-US-Interview-Questions-EI_IE1651.0,9_IL.10,12_IN1_IP104.htm
Page 104 scraped.

Page 105 of 379
Getting https://www.glassdoor.com/Interview/Microsoft-US-Interview-Questions-EI_IE1651.0,9_IL.10,12_IN1_IP105.htm
Page 105 scraped.

Page 106 of 379
Getting https://www.glassdoor.com/Interview/Microsoft-US-Interview-Questions-EI_IE1651.0,9_IL.10,12_IN1_IP106.htm
Page 106 scraped.

Page 107 of 379
Getting https://www.glassdoor.com/Interview/Microsoft-US-Interview-Questions-EI_IE1651.0,9_IL.10,12_IN1_IP107.htm
Page 107 scraped.

Page 108 of 379
Getting https://www.glassdoor.com/Interview/Microsoft-US-Interview-Questions-EI_IE1651.0,9_IL.10,12_IN1_IP108.htm
Page 108 scraped.

Page 109 of 379
Getting https://www.glassdoor.com/Interview/Microsoft-US-Interview-Questions-EI_IE1651.0,9_IL.10,12_IN1_IP109.htm
Page 109 scraped.

Page 110 of 379
Getting https://www.glassdoor.com/Interview/Microsoft-US-Interview-Questions-EI_IE1651.0,9_IL.10,12_IN1_IP110.htm
Page 110 scraped.

Taking a breather for a few seconds ...

Page 111 of 379
Getting https://www.glassdoor.com/Interview/Microsoft-US-Interview-Questions-EI_IE1651.0,9_IL.10,12_IN1_IP111.htm
Page 111 scraped.

Page 112 of 379
Getting https://www.glassdoor.com/Interview/Microsoft-US-Interview-Questions-EI_IE1651.0,9_IL.10,12_IN1_IP112.htm
Page 112 scraped.

Page 113 of 379
Getting https://www.glassdoor.com/Interview/Microsoft-US-Interview-Questions-EI_IE1651.0,9_IL.10,12_IN1_IP113.htm
Page 113 scraped.

Page 114 of 379
Getting https://www.glassdoor.com/Interview/Microsoft-US-Interview-Questions-EI_IE1651.0,9_IL.10,12_IN1_IP114.htm
Page 114 scraped.

Page 115 of 379
Getting https://www.glassdoor.com/Interview/Microsoft-US-Interview-Questions-EI_IE1651.0,9_IL.10,12_IN1_IP115.htm
Page 115 scraped.

Page 116 of 379
Getting https://www.glassdoor.com/Interview/Microsoft-US-Interview-Questions-EI_IE1651.0,9_IL.10,12_IN1_IP116.htm
Page 116 scraped.

Page 117 of 379
Getting https://www.glassdoor.com/Interview/Microsoft-US-Interview-Questions-EI_IE1651.0,9_IL.10,12_IN1_IP117.htm
Page 117 scraped.

Page 118 of 379
Getting https://www.glassdoor.com/Interview/Microsoft-US-Interview-Questions-EI_IE1651.0,9_IL.10,12_IN1_IP118.htm
Page 118 scraped.

Page 119 of 379
Getting https://www.glassdoor.com/Interview/Microsoft-US-Interview-Questions-EI_IE1651.0,9_IL.10,12_IN1_IP119.htm
Page 119 scraped.

Page 120 of 379
Getting https://www.glassdoor.com/Interview/Microsoft-US-Interview-Questions-EI_IE1651.0,9_IL.10,12_IN1_IP120.htm
Page 120 scraped.

Taking a breather for a few seconds ...

Page 121 of 379
Getting https://www.glassdoor.com/Interview/Microsoft-US-Interview-Questions-EI_IE1651.0,9_IL.10,12_IN1_IP121.htm
Page 121 scraped.

Page 122 of 379
Getting https://www.glassdoor.com/Interview/Microsoft-US-Interview-Questions-EI_IE1651.0,9_IL.10,12_IN1_IP122.htm
Page 122 scraped.

Page 123 of 379
Getting https://www.glassdoor.com/Interview/Microsoft-US-Interview-Questions-EI_IE1651.0,9_IL.10,12_IN1_IP123.htm
Page 123 scraped.

Page 124 of 379
Getting https://www.glassdoor.com/Interview/Microsoft-US-Interview-Questions-EI_IE1651.0,9_IL.10,12_IN1_IP124.htm
Page 124 scraped.

Page 125 of 379
Getting https://www.glassdoor.com/Interview/Microsoft-US-Interview-Questions-EI_IE1651.0,9_IL.10,12_IN1_IP125.htm
Page 125 scraped.

Page 126 of 379
Getting https://www.glassdoor.com/Interview/Microsoft-US-Interview-Questions-EI_IE1651.0,9_IL.10,12_IN1_IP126.htm
Page 126 scraped.

Page 127 of 379
Getting https://www.glassdoor.com/Interview/Microsoft-US-Interview-Questions-EI_IE1651.0,9_IL.10,12_IN1_IP127.htm
Page 127 scraped.

Page 128 of 379
Getting https://www.glassdoor.com/Interview/Microsoft-US-Interview-Questions-EI_IE1651.0,9_IL.10,12_IN1_IP128.htm
Page 128 scraped.

Page 129 of 379
Getting https://www.glassdoor.com/Interview/Microsoft-US-Interview-Questions-EI_IE1651.0,9_IL.10,12_IN1_IP129.htm
Page 129 scraped.

Page 130 of 379
Getting https://www.glassdoor.com/Interview/Microsoft-US-Interview-Questions-EI_IE1651.0,9_IL.10,12_IN1_IP130.htm
Page 130 scraped.

Taking a breather for a few seconds ...

Page 131 of 379
Getting https://www.glassdoor.com/Interview/Microsoft-US-Interview-Questions-EI_IE1651.0,9_IL.10,12_IN1_IP131.htm
Page 131 scraped.

Page 132 of 379
Getting https://www.glassdoor.com/Interview/Microsoft-US-Interview-Questions-EI_IE1651.0,9_IL.10,12_IN1_IP132.htm
Page 132 scraped.

Page 133 of 379
Getting https://www.glassdoor.com/Interview/Microsoft-US-Interview-Questions-EI_IE1651.0,9_IL.10,12_IN1_IP133.htm
Page 133 scraped.

Page 134 of 379
Getting https://www.glassdoor.com/Interview/Microsoft-US-Interview-Questions-EI_IE1651.0,9_IL.10,12_IN1_IP134.htm
Page 134 scraped.

Page 135 of 379
Getting https://www.glassdoor.com/Interview/Microsoft-US-Interview-Questions-EI_IE1651.0,9_IL.10,12_IN1_IP135.htm
Page 135 scraped.

Page 136 of 379
Getting https://www.glassdoor.com/Interview/Microsoft-US-Interview-Questions-EI_IE1651.0,9_IL.10,12_IN1_IP136.htm
Page 136 scraped.

Page 137 of 379
Getting https://www.glassdoor.com/Interview/Microsoft-US-Interview-Questions-EI_IE1651.0,9_IL.10,12_IN1_IP137.htm
Page 137 scraped.

Page 138 of 379
Getting https://www.glassdoor.com/Interview/Microsoft-US-Interview-Questions-EI_IE1651.0,9_IL.10,12_IN1_IP138.htm
Page 138 scraped.

Page 139 of 379
Getting https://www.glassdoor.com/Interview/Microsoft-US-Interview-Questions-EI_IE1651.0,9_IL.10,12_IN1_IP139.htm
Page 139 scraped.

Page 140 of 379
Getting https://www.glassdoor.com/Interview/Microsoft-US-Interview-Questions-EI_IE1651.0,9_IL.10,12_IN1_IP140.htm
Page 140 scraped.

Taking a breather for a few seconds ...

Page 141 of 379
Getting https://www.glassdoor.com/Interview/Microsoft-US-Interview-Questions-EI_IE1651.0,9_IL.10,12_IN1_IP141.htm
Page 141 scraped.

Page 142 of 379
Getting https://www.glassdoor.com/Interview/Microsoft-US-Interview-Questions-EI_IE1651.0,9_IL.10,12_IN1_IP142.htm
Page 142 scraped.

Page 143 of 379
Getting https://www.glassdoor.com/Interview/Microsoft-US-Interview-Questions-EI_IE1651.0,9_IL.10,12_IN1_IP143.htm
Page 143 scraped.

Page 144 of 379
Getting https://www.glassdoor.com/Interview/Microsoft-US-Interview-Questions-EI_IE1651.0,9_IL.10,12_IN1_IP144.htm
Page 144 scraped.

Page 145 of 379
Getting https://www.glassdoor.com/Interview/Microsoft-US-Interview-Questions-EI_IE1651.0,9_IL.10,12_IN1_IP145.htm
Page 145 scraped.

Page 146 of 379
Getting https://www.glassdoor.com/Interview/Microsoft-US-Interview-Questions-EI_IE1651.0,9_IL.10,12_IN1_IP146.htm
Page 146 scraped.

Page 147 of 379
Getting https://www.glassdoor.com/Interview/Microsoft-US-Interview-Questions-EI_IE1651.0,9_IL.10,12_IN1_IP147.htm
Page 147 scraped.

Page 148 of 379
Getting https://www.glassdoor.com/Interview/Microsoft-US-Interview-Questions-EI_IE1651.0,9_IL.10,12_IN1_IP148.htm
Page 148 scraped.

Page 149 of 379
Getting https://www.glassdoor.com/Interview/Microsoft-US-Interview-Questions-EI_IE1651.0,9_IL.10,12_IN1_IP149.htm
Page 149 scraped.

Page 150 of 379
Getting https://www.glassdoor.com/Interview/Microsoft-US-Interview-Questions-EI_IE1651.0,9_IL.10,12_IN1_IP150.htm
Page 150 scraped.

Taking a breather for a few seconds ...

Page 151 of 379
Getting https://www.glassdoor.com/Interview/Microsoft-US-Interview-Questions-EI_IE1651.0,9_IL.10,12_IN1_IP151.htm
Page 151 scraped.

Page 152 of 379
Getting https://www.glassdoor.com/Interview/Microsoft-US-Interview-Questions-EI_IE1651.0,9_IL.10,12_IN1_IP152.htm
Page 152 scraped.

Page 153 of 379
Getting https://www.glassdoor.com/Interview/Microsoft-US-Interview-Questions-EI_IE1651.0,9_IL.10,12_IN1_IP153.htm
Page 153 scraped.

Page 154 of 379
Getting https://www.glassdoor.com/Interview/Microsoft-US-Interview-Questions-EI_IE1651.0,9_IL.10,12_IN1_IP154.htm
Page 154 scraped.

Page 155 of 379
Getting https://www.glassdoor.com/Interview/Microsoft-US-Interview-Questions-EI_IE1651.0,9_IL.10,12_IN1_IP155.htm
Page 155 scraped.

Page 156 of 379
Getting https://www.glassdoor.com/Interview/Microsoft-US-Interview-Questions-EI_IE1651.0,9_IL.10,12_IN1_IP156.htm
Page 156 scraped.

Page 157 of 379
Getting https://www.glassdoor.com/Interview/Microsoft-US-Interview-Questions-EI_IE1651.0,9_IL.10,12_IN1_IP157.htm
Page 157 scraped.

Page 158 of 379
Getting https://www.glassdoor.com/Interview/Microsoft-US-Interview-Questions-EI_IE1651.0,9_IL.10,12_IN1_IP158.htm
Page 158 scraped.

Page 159 of 379
Getting https://www.glassdoor.com/Interview/Microsoft-US-Interview-Questions-EI_IE1651.0,9_IL.10,12_IN1_IP159.htm
Page 159 scraped.

Page 160 of 379
Getting https://www.glassdoor.com/Interview/Microsoft-US-Interview-Questions-EI_IE1651.0,9_IL.10,12_IN1_IP160.htm
Page 160 scraped.

Taking a breather for a few seconds ...

Page 161 of 379
Getting https://www.glassdoor.com/Interview/Microsoft-US-Interview-Questions-EI_IE1651.0,9_IL.10,12_IN1_IP161.htm
Page 161 scraped.

Page 162 of 379
Getting https://www.glassdoor.com/Interview/Microsoft-US-Interview-Questions-EI_IE1651.0,9_IL.10,12_IN1_IP162.htm
Page 162 scraped.

Page 163 of 379
Getting https://www.glassdoor.com/Interview/Microsoft-US-Interview-Questions-EI_IE1651.0,9_IL.10,12_IN1_IP163.htm
Page 163 scraped.

Page 164 of 379
Getting https://www.glassdoor.com/Interview/Microsoft-US-Interview-Questions-EI_IE1651.0,9_IL.10,12_IN1_IP164.htm
Page 164 scraped.

Page 165 of 379
Getting https://www.glassdoor.com/Interview/Microsoft-US-Interview-Questions-EI_IE1651.0,9_IL.10,12_IN1_IP165.htm
Page 165 scraped.

Page 166 of 379
Getting https://www.glassdoor.com/Interview/Microsoft-US-Interview-Questions-EI_IE1651.0,9_IL.10,12_IN1_IP166.htm
Page 166 scraped.

Page 167 of 379
Getting https://www.glassdoor.com/Interview/Microsoft-US-Interview-Questions-EI_IE1651.0,9_IL.10,12_IN1_IP167.htm
Page 167 scraped.

Page 168 of 379
Getting https://www.glassdoor.com/Interview/Microsoft-US-Interview-Questions-EI_IE1651.0,9_IL.10,12_IN1_IP168.htm
Page 168 scraped.

Page 169 of 379
Getting https://www.glassdoor.com/Interview/Microsoft-US-Interview-Questions-EI_IE1651.0,9_IL.10,12_IN1_IP169.htm
Page 169 scraped.

Page 170 of 379
Getting https://www.glassdoor.com/Interview/Microsoft-US-Interview-Questions-EI_IE1651.0,9_IL.10,12_IN1_IP170.htm
Page 170 scraped.

Taking a breather for a few seconds ...

Page 171 of 379
Getting https://www.glassdoor.com/Interview/Microsoft-US-Interview-Questions-EI_IE1651.0,9_IL.10,12_IN1_IP171.htm
Page 171 scraped.

Page 172 of 379
Getting https://www.glassdoor.com/Interview/Microsoft-US-Interview-Questions-EI_IE1651.0,9_IL.10,12_IN1_IP172.htm
Page 172 scraped.

Page 173 of 379
Getting https://www.glassdoor.com/Interview/Microsoft-US-Interview-Questions-EI_IE1651.0,9_IL.10,12_IN1_IP173.htm
Page 173 scraped.

Page 174 of 379
Getting https://www.glassdoor.com/Interview/Microsoft-US-Interview-Questions-EI_IE1651.0,9_IL.10,12_IN1_IP174.htm
Page 174 scraped.

Page 175 of 379
Getting https://www.glassdoor.com/Interview/Microsoft-US-Interview-Questions-EI_IE1651.0,9_IL.10,12_IN1_IP175.htm
Page 175 scraped.

Page 176 of 379
Getting https://www.glassdoor.com/Interview/Microsoft-US-Interview-Questions-EI_IE1651.0,9_IL.10,12_IN1_IP176.htm
Page 176 scraped.

Page 177 of 379
Getting https://www.glassdoor.com/Interview/Microsoft-US-Interview-Questions-EI_IE1651.0,9_IL.10,12_IN1_IP177.htm
Page 177 scraped.

Page 178 of 379
Getting https://www.glassdoor.com/Interview/Microsoft-US-Interview-Questions-EI_IE1651.0,9_IL.10,12_IN1_IP178.htm
Page 178 scraped.

Page 179 of 379
Getting https://www.glassdoor.com/Interview/Microsoft-US-Interview-Questions-EI_IE1651.0,9_IL.10,12_IN1_IP179.htm
Page 179 scraped.

Page 180 of 379
Getting https://www.glassdoor.com/Interview/Microsoft-US-Interview-Questions-EI_IE1651.0,9_IL.10,12_IN1_IP180.htm
Page 180 scraped.

Taking a breather for a few seconds ...

Page 181 of 379
Getting https://www.glassdoor.com/Interview/Microsoft-US-Interview-Questions-EI_IE1651.0,9_IL.10,12_IN1_IP181.htm
Page 181 scraped.

Page 182 of 379
Getting https://www.glassdoor.com/Interview/Microsoft-US-Interview-Questions-EI_IE1651.0,9_IL.10,12_IN1_IP182.htm
Page 182 scraped.

Page 183 of 379
Getting https://www.glassdoor.com/Interview/Microsoft-US-Interview-Questions-EI_IE1651.0,9_IL.10,12_IN1_IP183.htm
Page 183 scraped.

Page 184 of 379
Getting https://www.glassdoor.com/Interview/Microsoft-US-Interview-Questions-EI_IE1651.0,9_IL.10,12_IN1_IP184.htm
Page 184 scraped.

Page 185 of 379
Getting https://www.glassdoor.com/Interview/Microsoft-US-Interview-Questions-EI_IE1651.0,9_IL.10,12_IN1_IP185.htm
Page 185 scraped.

Page 186 of 379
Getting https://www.glassdoor.com/Interview/Microsoft-US-Interview-Questions-EI_IE1651.0,9_IL.10,12_IN1_IP186.htm
Page 186 scraped.

Page 187 of 379
Getting https://www.glassdoor.com/Interview/Microsoft-US-Interview-Questions-EI_IE1651.0,9_IL.10,12_IN1_IP187.htm
Page 187 scraped.

Page 188 of 379
Getting https://www.glassdoor.com/Interview/Microsoft-US-Interview-Questions-EI_IE1651.0,9_IL.10,12_IN1_IP188.htm
Page 188 scraped.

Page 189 of 379
Getting https://www.glassdoor.com/Interview/Microsoft-US-Interview-Questions-EI_IE1651.0,9_IL.10,12_IN1_IP189.htm
Page 189 scraped.

Page 190 of 379
Getting https://www.glassdoor.com/Interview/Microsoft-US-Interview-Questions-EI_IE1651.0,9_IL.10,12_IN1_IP190.htm
Page 190 scraped.

Taking a breather for a few seconds ...

Page 191 of 379
Getting https://www.glassdoor.com/Interview/Microsoft-US-Interview-Questions-EI_IE1651.0,9_IL.10,12_IN1_IP191.htm
Page 191 scraped.

Page 192 of 379
Getting https://www.glassdoor.com/Interview/Microsoft-US-Interview-Questions-EI_IE1651.0,9_IL.10,12_IN1_IP192.htm
Page 192 scraped.

Page 193 of 379
Getting https://www.glassdoor.com/Interview/Microsoft-US-Interview-Questions-EI_IE1651.0,9_IL.10,12_IN1_IP193.htm
Page 193 scraped.

Page 194 of 379
Getting https://www.glassdoor.com/Interview/Microsoft-US-Interview-Questions-EI_IE1651.0,9_IL.10,12_IN1_IP194.htm
Page 194 scraped.

Page 195 of 379
Getting https://www.glassdoor.com/Interview/Microsoft-US-Interview-Questions-EI_IE1651.0,9_IL.10,12_IN1_IP195.htm
Page 195 scraped.

Page 196 of 379
Getting https://www.glassdoor.com/Interview/Microsoft-US-Interview-Questions-EI_IE1651.0,9_IL.10,12_IN1_IP196.htm
Page 196 scraped.

Page 197 of 379
Getting https://www.glassdoor.com/Interview/Microsoft-US-Interview-Questions-EI_IE1651.0,9_IL.10,12_IN1_IP197.htm
Page 197 scraped.

Page 198 of 379
Getting https://www.glassdoor.com/Interview/Microsoft-US-Interview-Questions-EI_IE1651.0,9_IL.10,12_IN1_IP198.htm
Page 198 scraped.

Page 199 of 379
Getting https://www.glassdoor.com/Interview/Microsoft-US-Interview-Questions-EI_IE1651.0,9_IL.10,12_IN1_IP199.htm
Page 199 scraped.

Page 200 of 379
Getting https://www.glassdoor.com/Interview/Microsoft-US-Interview-Questions-EI_IE1651.0,9_IL.10,12_IN1_IP200.htm
Page 200 scraped.

Taking a breather for a few seconds ...

Page 201 of 379
Getting https://www.glassdoor.com/Interview/Microsoft-US-Interview-Questions-EI_IE1651.0,9_IL.10,12_IN1_IP201.htm
Page 201 scraped.

Page 202 of 379
Getting https://www.glassdoor.com/Interview/Microsoft-US-Interview-Questions-EI_IE1651.0,9_IL.10,12_IN1_IP202.htm
Page 202 scraped.

Page 203 of 379
Getting https://www.glassdoor.com/Interview/Microsoft-US-Interview-Questions-EI_IE1651.0,9_IL.10,12_IN1_IP203.htm
Page 203 scraped.

Page 204 of 379
Getting https://www.glassdoor.com/Interview/Microsoft-US-Interview-Questions-EI_IE1651.0,9_IL.10,12_IN1_IP204.htm
Page 204 scraped.

Page 205 of 379
Getting https://www.glassdoor.com/Interview/Microsoft-US-Interview-Questions-EI_IE1651.0,9_IL.10,12_IN1_IP205.htm
Page 205 scraped.

Page 206 of 379
Getting https://www.glassdoor.com/Interview/Microsoft-US-Interview-Questions-EI_IE1651.0,9_IL.10,12_IN1_IP206.htm
Page 206 scraped.

Page 207 of 379
Getting https://www.glassdoor.com/Interview/Microsoft-US-Interview-Questions-EI_IE1651.0,9_IL.10,12_IN1_IP207.htm
Page 207 scraped.

Page 208 of 379
Getting https://www.glassdoor.com/Interview/Microsoft-US-Interview-Questions-EI_IE1651.0,9_IL.10,12_IN1_IP208.htm
Page 208 scraped.

Page 209 of 379
Getting https://www.glassdoor.com/Interview/Microsoft-US-Interview-Questions-EI_IE1651.0,9_IL.10,12_IN1_IP209.htm
Page 209 scraped.

Page 210 of 379
Getting https://www.glassdoor.com/Interview/Microsoft-US-Interview-Questions-EI_IE1651.0,9_IL.10,12_IN1_IP210.htm
Page 210 scraped.

Taking a breather for a few seconds ...

Page 211 of 379
Getting https://www.glassdoor.com/Interview/Microsoft-US-Interview-Questions-EI_IE1651.0,9_IL.10,12_IN1_IP211.htm
Page 211 scraped.

Page 212 of 379
Getting https://www.glassdoor.com/Interview/Microsoft-US-Interview-Questions-EI_IE1651.0,9_IL.10,12_IN1_IP212.htm
Page 212 scraped.

Page 213 of 379
Getting https://www.glassdoor.com/Interview/Microsoft-US-Interview-Questions-EI_IE1651.0,9_IL.10,12_IN1_IP213.htm
Page 213 scraped.

Page 214 of 379
Getting https://www.glassdoor.com/Interview/Microsoft-US-Interview-Questions-EI_IE1651.0,9_IL.10,12_IN1_IP214.htm
Page 214 scraped.

Page 215 of 379
Getting https://www.glassdoor.com/Interview/Microsoft-US-Interview-Questions-EI_IE1651.0,9_IL.10,12_IN1_IP215.htm
Page 215 scraped.

Page 216 of 379
Getting https://www.glassdoor.com/Interview/Microsoft-US-Interview-Questions-EI_IE1651.0,9_IL.10,12_IN1_IP216.htm
Page 216 scraped.

Page 217 of 379
Getting https://www.glassdoor.com/Interview/Microsoft-US-Interview-Questions-EI_IE1651.0,9_IL.10,12_IN1_IP217.htm
Page 217 scraped.

Page 218 of 379
Getting https://www.glassdoor.com/Interview/Microsoft-US-Interview-Questions-EI_IE1651.0,9_IL.10,12_IN1_IP218.htm
Page 218 scraped.

Page 219 of 379
Getting https://www.glassdoor.com/Interview/Microsoft-US-Interview-Questions-EI_IE1651.0,9_IL.10,12_IN1_IP219.htm
Page 219 scraped.

Page 220 of 379
Getting https://www.glassdoor.com/Interview/Microsoft-US-Interview-Questions-EI_IE1651.0,9_IL.10,12_IN1_IP220.htm
Page 220 scraped.

Taking a breather for a few seconds ...

Page 221 of 379
Getting https://www.glassdoor.com/Interview/Microsoft-US-Interview-Questions-EI_IE1651.0,9_IL.10,12_IN1_IP221.htm
Page 221 scraped.

Page 222 of 379
Getting https://www.glassdoor.com/Interview/Microsoft-US-Interview-Questions-EI_IE1651.0,9_IL.10,12_IN1_IP222.htm
Page 222 scraped.

Page 223 of 379
Getting https://www.glassdoor.com/Interview/Microsoft-US-Interview-Questions-EI_IE1651.0,9_IL.10,12_IN1_IP223.htm
Page 223 scraped.

Page 224 of 379
Getting https://www.glassdoor.com/Interview/Microsoft-US-Interview-Questions-EI_IE1651.0,9_IL.10,12_IN1_IP224.htm
Page 224 scraped.

Page 225 of 379
Getting https://www.glassdoor.com/Interview/Microsoft-US-Interview-Questions-EI_IE1651.0,9_IL.10,12_IN1_IP225.htm
Page 225 scraped.

Page 226 of 379
Getting https://www.glassdoor.com/Interview/Microsoft-US-Interview-Questions-EI_IE1651.0,9_IL.10,12_IN1_IP226.htm
Page 226 scraped.

Page 227 of 379
Getting https://www.glassdoor.com/Interview/Microsoft-US-Interview-Questions-EI_IE1651.0,9_IL.10,12_IN1_IP227.htm
Page 227 scraped.

Page 228 of 379
Getting https://www.glassdoor.com/Interview/Microsoft-US-Interview-Questions-EI_IE1651.0,9_IL.10,12_IN1_IP228.htm
Page 228 scraped.

Page 229 of 379
Getting https://www.glassdoor.com/Interview/Microsoft-US-Interview-Questions-EI_IE1651.0,9_IL.10,12_IN1_IP229.htm
Page 229 scraped.

Page 230 of 379
Getting https://www.glassdoor.com/Interview/Microsoft-US-Interview-Questions-EI_IE1651.0,9_IL.10,12_IN1_IP230.htm
Page 230 scraped.

Taking a breather for a few seconds ...

Page 231 of 379
Getting https://www.glassdoor.com/Interview/Microsoft-US-Interview-Questions-EI_IE1651.0,9_IL.10,12_IN1_IP231.htm
Page 231 scraped.

Page 232 of 379
Getting https://www.glassdoor.com/Interview/Microsoft-US-Interview-Questions-EI_IE1651.0,9_IL.10,12_IN1_IP232.htm
Page 232 scraped.

Page 233 of 379
Getting https://www.glassdoor.com/Interview/Microsoft-US-Interview-Questions-EI_IE1651.0,9_IL.10,12_IN1_IP233.htm
Page 233 scraped.

Page 234 of 379
Getting https://www.glassdoor.com/Interview/Microsoft-US-Interview-Questions-EI_IE1651.0,9_IL.10,12_IN1_IP234.htm
Page 234 scraped.

Page 235 of 379
Getting https://www.glassdoor.com/Interview/Microsoft-US-Interview-Questions-EI_IE1651.0,9_IL.10,12_IN1_IP235.htm
Page 235 scraped.

Page 236 of 379
Getting https://www.glassdoor.com/Interview/Microsoft-US-Interview-Questions-EI_IE1651.0,9_IL.10,12_IN1_IP236.htm
Page 236 scraped.

Page 237 of 379
Getting https://www.glassdoor.com/Interview/Microsoft-US-Interview-Questions-EI_IE1651.0,9_IL.10,12_IN1_IP237.htm
Page 237 scraped.

Page 238 of 379
Getting https://www.glassdoor.com/Interview/Microsoft-US-Interview-Questions-EI_IE1651.0,9_IL.10,12_IN1_IP238.htm
Page 238 scraped.

Page 239 of 379
Getting https://www.glassdoor.com/Interview/Microsoft-US-Interview-Questions-EI_IE1651.0,9_IL.10,12_IN1_IP239.htm
Page 239 scraped.

Page 240 of 379
Getting https://www.glassdoor.com/Interview/Microsoft-US-Interview-Questions-EI_IE1651.0,9_IL.10,12_IN1_IP240.htm
Page 240 scraped.

Taking a breather for a few seconds ...

Page 241 of 379
Getting https://www.glassdoor.com/Interview/Microsoft-US-Interview-Questions-EI_IE1651.0,9_IL.10,12_IN1_IP241.htm
Page 241 scraped.

Page 242 of 379
Getting https://www.glassdoor.com/Interview/Microsoft-US-Interview-Questions-EI_IE1651.0,9_IL.10,12_IN1_IP242.htm
Page 242 scraped.

Page 243 of 379
Getting https://www.glassdoor.com/Interview/Microsoft-US-Interview-Questions-EI_IE1651.0,9_IL.10,12_IN1_IP243.htm
Page 243 scraped.

Page 244 of 379
Getting https://www.glassdoor.com/Interview/Microsoft-US-Interview-Questions-EI_IE1651.0,9_IL.10,12_IN1_IP244.htm
Page 244 scraped.

Page 245 of 379
Getting https://www.glassdoor.com/Interview/Microsoft-US-Interview-Questions-EI_IE1651.0,9_IL.10,12_IN1_IP245.htm
Page 245 scraped.

Page 246 of 379
Getting https://www.glassdoor.com/Interview/Microsoft-US-Interview-Questions-EI_IE1651.0,9_IL.10,12_IN1_IP246.htm
Page 246 scraped.

Page 247 of 379
Getting https://www.glassdoor.com/Interview/Microsoft-US-Interview-Questions-EI_IE1651.0,9_IL.10,12_IN1_IP247.htm
Page 247 scraped.

Page 248 of 379
Getting https://www.glassdoor.com/Interview/Microsoft-US-Interview-Questions-EI_IE1651.0,9_IL.10,12_IN1_IP248.htm
Page 248 scraped.

Page 249 of 379
Getting https://www.glassdoor.com/Interview/Microsoft-US-Interview-Questions-EI_IE1651.0,9_IL.10,12_IN1_IP249.htm
Page 249 scraped.

Page 250 of 379
Getting https://www.glassdoor.com/Interview/Microsoft-US-Interview-Questions-EI_IE1651.0,9_IL.10,12_IN1_IP250.htm
Page 250 scraped.

Taking a breather for a few seconds ...

Page 251 of 379
Getting https://www.glassdoor.com/Interview/Microsoft-US-Interview-Questions-EI_IE1651.0,9_IL.10,12_IN1_IP251.htm
Page 251 scraped.

Page 252 of 379
Getting https://www.glassdoor.com/Interview/Microsoft-US-Interview-Questions-EI_IE1651.0,9_IL.10,12_IN1_IP252.htm
Page 252 scraped.

Page 253 of 379
Getting https://www.glassdoor.com/Interview/Microsoft-US-Interview-Questions-EI_IE1651.0,9_IL.10,12_IN1_IP253.htm
Page 253 scraped.

Page 254 of 379
Getting https://www.glassdoor.com/Interview/Microsoft-US-Interview-Questions-EI_IE1651.0,9_IL.10,12_IN1_IP254.htm
Page 254 scraped.

Page 255 of 379
Getting https://www.glassdoor.com/Interview/Microsoft-US-Interview-Questions-EI_IE1651.0,9_IL.10,12_IN1_IP255.htm
Page 255 scraped.

Page 256 of 379
Getting https://www.glassdoor.com/Interview/Microsoft-US-Interview-Questions-EI_IE1651.0,9_IL.10,12_IN1_IP256.htm
Page 256 scraped.

Page 257 of 379
Getting https://www.glassdoor.com/Interview/Microsoft-US-Interview-Questions-EI_IE1651.0,9_IL.10,12_IN1_IP257.htm
Page 257 scraped.

Page 258 of 379
Getting https://www.glassdoor.com/Interview/Microsoft-US-Interview-Questions-EI_IE1651.0,9_IL.10,12_IN1_IP258.htm
Page 258 scraped.

Page 259 of 379
Getting https://www.glassdoor.com/Interview/Microsoft-US-Interview-Questions-EI_IE1651.0,9_IL.10,12_IN1_IP259.htm
Page 259 scraped.

Page 260 of 379
Getting https://www.glassdoor.com/Interview/Microsoft-US-Interview-Questions-EI_IE1651.0,9_IL.10,12_IN1_IP260.htm
Page 260 scraped.

Taking a breather for a few seconds ...

Page 261 of 379
Getting https://www.glassdoor.com/Interview/Microsoft-US-Interview-Questions-EI_IE1651.0,9_IL.10,12_IN1_IP261.htm
Page 261 scraped.

Page 262 of 379
Getting https://www.glassdoor.com/Interview/Microsoft-US-Interview-Questions-EI_IE1651.0,9_IL.10,12_IN1_IP262.htm
Page 262 scraped.

Page 263 of 379
Getting https://www.glassdoor.com/Interview/Microsoft-US-Interview-Questions-EI_IE1651.0,9_IL.10,12_IN1_IP263.htm
Page 263 scraped.

Page 264 of 379
Getting https://www.glassdoor.com/Interview/Microsoft-US-Interview-Questions-EI_IE1651.0,9_IL.10,12_IN1_IP264.htm
Page 264 scraped.

Page 265 of 379
Getting https://www.glassdoor.com/Interview/Microsoft-US-Interview-Questions-EI_IE1651.0,9_IL.10,12_IN1_IP265.htm
Page 265 scraped.

Page 266 of 379
Getting https://www.glassdoor.com/Interview/Microsoft-US-Interview-Questions-EI_IE1651.0,9_IL.10,12_IN1_IP266.htm
Page 266 scraped.

Page 267 of 379
Getting https://www.glassdoor.com/Interview/Microsoft-US-Interview-Questions-EI_IE1651.0,9_IL.10,12_IN1_IP267.htm
Page 267 scraped.

Page 268 of 379
Getting https://www.glassdoor.com/Interview/Microsoft-US-Interview-Questions-EI_IE1651.0,9_IL.10,12_IN1_IP268.htm
Page 268 scraped.

Page 269 of 379
Getting https://www.glassdoor.com/Interview/Microsoft-US-Interview-Questions-EI_IE1651.0,9_IL.10,12_IN1_IP269.htm
Page 269 scraped.

Page 270 of 379
Getting https://www.glassdoor.com/Interview/Microsoft-US-Interview-Questions-EI_IE1651.0,9_IL.10,12_IN1_IP270.htm
Page 270 scraped.

Taking a breather for a few seconds ...

Page 271 of 379
Getting https://www.glassdoor.com/Interview/Microsoft-US-Interview-Questions-EI_IE1651.0,9_IL.10,12_IN1_IP271.htm
Page 271 scraped.

Page 272 of 379
Getting https://www.glassdoor.com/Interview/Microsoft-US-Interview-Questions-EI_IE1651.0,9_IL.10,12_IN1_IP272.htm
Page 272 scraped.

Page 273 of 379
Getting https://www.glassdoor.com/Interview/Microsoft-US-Interview-Questions-EI_IE1651.0,9_IL.10,12_IN1_IP273.htm
Page 273 scraped.

Page 274 of 379
Getting https://www.glassdoor.com/Interview/Microsoft-US-Interview-Questions-EI_IE1651.0,9_IL.10,12_IN1_IP274.htm
Page 274 scraped.

Page 275 of 379
Getting https://www.glassdoor.com/Interview/Microsoft-US-Interview-Questions-EI_IE1651.0,9_IL.10,12_IN1_IP275.htm
Page 275 scraped.

Page 276 of 379
Getting https://www.glassdoor.com/Interview/Microsoft-US-Interview-Questions-EI_IE1651.0,9_IL.10,12_IN1_IP276.htm
Page 276 scraped.

Page 277 of 379
Getting https://www.glassdoor.com/Interview/Microsoft-US-Interview-Questions-EI_IE1651.0,9_IL.10,12_IN1_IP277.htm
Page 277 scraped.

Page 278 of 379
Getting https://www.glassdoor.com/Interview/Microsoft-US-Interview-Questions-EI_IE1651.0,9_IL.10,12_IN1_IP278.htm
Page 278 scraped.

Page 279 of 379
Getting https://www.glassdoor.com/Interview/Microsoft-US-Interview-Questions-EI_IE1651.0,9_IL.10,12_IN1_IP279.htm
Page 279 scraped.

Page 280 of 379
Getting https://www.glassdoor.com/Interview/Microsoft-US-Interview-Questions-EI_IE1651.0,9_IL.10,12_IN1_IP280.htm
Page 280 scraped.

Taking a breather for a few seconds ...

Page 281 of 379
Getting https://www.glassdoor.com/Interview/Microsoft-US-Interview-Questions-EI_IE1651.0,9_IL.10,12_IN1_IP281.htm
Page 281 scraped.

Page 282 of 379
Getting https://www.glassdoor.com/Interview/Microsoft-US-Interview-Questions-EI_IE1651.0,9_IL.10,12_IN1_IP282.htm
Page 282 scraped.

Page 283 of 379
Getting https://www.glassdoor.com/Interview/Microsoft-US-Interview-Questions-EI_IE1651.0,9_IL.10,12_IN1_IP283.htm
Page 283 scraped.

Page 284 of 379
Getting https://www.glassdoor.com/Interview/Microsoft-US-Interview-Questions-EI_IE1651.0,9_IL.10,12_IN1_IP284.htm
Page 284 scraped.

Page 285 of 379
Getting https://www.glassdoor.com/Interview/Microsoft-US-Interview-Questions-EI_IE1651.0,9_IL.10,12_IN1_IP285.htm
Page 285 scraped.

Page 286 of 379
Getting https://www.glassdoor.com/Interview/Microsoft-US-Interview-Questions-EI_IE1651.0,9_IL.10,12_IN1_IP286.htm
Page 286 scraped.

Page 287 of 379
Getting https://www.glassdoor.com/Interview/Microsoft-US-Interview-Questions-EI_IE1651.0,9_IL.10,12_IN1_IP287.htm
Page 287 scraped.

Page 288 of 379
Getting https://www.glassdoor.com/Interview/Microsoft-US-Interview-Questions-EI_IE1651.0,9_IL.10,12_IN1_IP288.htm
Page 288 scraped.

Page 289 of 379
Getting https://www.glassdoor.com/Interview/Microsoft-US-Interview-Questions-EI_IE1651.0,9_IL.10,12_IN1_IP289.htm
Page 289 scraped.

Page 290 of 379
Getting https://www.glassdoor.com/Interview/Microsoft-US-Interview-Questions-EI_IE1651.0,9_IL.10,12_IN1_IP290.htm
Page 290 scraped.

Taking a breather for a few seconds ...

Page 291 of 379
Getting https://www.glassdoor.com/Interview/Microsoft-US-Interview-Questions-EI_IE1651.0,9_IL.10,12_IN1_IP291.htm
Page 291 scraped.

Page 292 of 379
Getting https://www.glassdoor.com/Interview/Microsoft-US-Interview-Questions-EI_IE1651.0,9_IL.10,12_IN1_IP292.htm
Page 292 scraped.

Page 293 of 379
Getting https://www.glassdoor.com/Interview/Microsoft-US-Interview-Questions-EI_IE1651.0,9_IL.10,12_IN1_IP293.htm
Page 293 scraped.

Page 294 of 379
Getting https://www.glassdoor.com/Interview/Microsoft-US-Interview-Questions-EI_IE1651.0,9_IL.10,12_IN1_IP294.htm
Page 294 scraped.

Page 295 of 379
Getting https://www.glassdoor.com/Interview/Microsoft-US-Interview-Questions-EI_IE1651.0,9_IL.10,12_IN1_IP295.htm
Page 295 scraped.

Page 296 of 379
Getting https://www.glassdoor.com/Interview/Microsoft-US-Interview-Questions-EI_IE1651.0,9_IL.10,12_IN1_IP296.htm
Page 296 scraped.

Page 297 of 379
Getting https://www.glassdoor.com/Interview/Microsoft-US-Interview-Questions-EI_IE1651.0,9_IL.10,12_IN1_IP297.htm
Page 297 scraped.

Page 298 of 379
Getting https://www.glassdoor.com/Interview/Microsoft-US-Interview-Questions-EI_IE1651.0,9_IL.10,12_IN1_IP298.htm
Page 298 scraped.

Page 299 of 379
Getting https://www.glassdoor.com/Interview/Microsoft-US-Interview-Questions-EI_IE1651.0,9_IL.10,12_IN1_IP299.htm
Page 299 scraped.

Page 300 of 379
Getting https://www.glassdoor.com/Interview/Microsoft-US-Interview-Questions-EI_IE1651.0,9_IL.10,12_IN1_IP300.htm
Page 300 scraped.

Taking a breather for a few seconds ...

Page 301 of 379
Getting https://www.glassdoor.com/Interview/Microsoft-US-Interview-Questions-EI_IE1651.0,9_IL.10,12_IN1_IP301.htm
Page 301 scraped.

Page 302 of 379
Getting https://www.glassdoor.com/Interview/Microsoft-US-Interview-Questions-EI_IE1651.0,9_IL.10,12_IN1_IP302.htm
Page 302 scraped.

Page 303 of 379
Getting https://www.glassdoor.com/Interview/Microsoft-US-Interview-Questions-EI_IE1651.0,9_IL.10,12_IN1_IP303.htm
Page 303 scraped.

Page 304 of 379
Getting https://www.glassdoor.com/Interview/Microsoft-US-Interview-Questions-EI_IE1651.0,9_IL.10,12_IN1_IP304.htm
Page 304 scraped.

Page 305 of 379
Getting https://www.glassdoor.com/Interview/Microsoft-US-Interview-Questions-EI_IE1651.0,9_IL.10,12_IN1_IP305.htm
Page 305 scraped.

Page 306 of 379
Getting https://www.glassdoor.com/Interview/Microsoft-US-Interview-Questions-EI_IE1651.0,9_IL.10,12_IN1_IP306.htm
Page 306 scraped.

Page 307 of 379
Getting https://www.glassdoor.com/Interview/Microsoft-US-Interview-Questions-EI_IE1651.0,9_IL.10,12_IN1_IP307.htm
Page 307 scraped.

Page 308 of 379
Getting https://www.glassdoor.com/Interview/Microsoft-US-Interview-Questions-EI_IE1651.0,9_IL.10,12_IN1_IP308.htm
Page 308 scraped.

Page 309 of 379
Getting https://www.glassdoor.com/Interview/Microsoft-US-Interview-Questions-EI_IE1651.0,9_IL.10,12_IN1_IP309.htm
Page 309 scraped.

Page 310 of 379
Getting https://www.glassdoor.com/Interview/Microsoft-US-Interview-Questions-EI_IE1651.0,9_IL.10,12_IN1_IP310.htm
Page 310 scraped.

Taking a breather for a few seconds ...

Page 311 of 379
Getting https://www.glassdoor.com/Interview/Microsoft-US-Interview-Questions-EI_IE1651.0,9_IL.10,12_IN1_IP311.htm
Page 311 scraped.

Page 312 of 379
Getting https://www.glassdoor.com/Interview/Microsoft-US-Interview-Questions-EI_IE1651.0,9_IL.10,12_IN1_IP312.htm
Page 312 scraped.

Page 313 of 379
Getting https://www.glassdoor.com/Interview/Microsoft-US-Interview-Questions-EI_IE1651.0,9_IL.10,12_IN1_IP313.htm
Page 313 scraped.

Page 314 of 379
Getting https://www.glassdoor.com/Interview/Microsoft-US-Interview-Questions-EI_IE1651.0,9_IL.10,12_IN1_IP314.htm
Page 314 scraped.

Page 315 of 379
Getting https://www.glassdoor.com/Interview/Microsoft-US-Interview-Questions-EI_IE1651.0,9_IL.10,12_IN1_IP315.htm
Page 315 scraped.

Page 316 of 379
Getting https://www.glassdoor.com/Interview/Microsoft-US-Interview-Questions-EI_IE1651.0,9_IL.10,12_IN1_IP316.htm
Page 316 scraped.

Page 317 of 379
Getting https://www.glassdoor.com/Interview/Microsoft-US-Interview-Questions-EI_IE1651.0,9_IL.10,12_IN1_IP317.htm
Page 317 scraped.

Page 318 of 379
Getting https://www.glassdoor.com/Interview/Microsoft-US-Interview-Questions-EI_IE1651.0,9_IL.10,12_IN1_IP318.htm
Page 318 scraped.

Page 319 of 379
Getting https://www.glassdoor.com/Interview/Microsoft-US-Interview-Questions-EI_IE1651.0,9_IL.10,12_IN1_IP319.htm
Page 319 scraped.

Page 320 of 379
Getting https://www.glassdoor.com/Interview/Microsoft-US-Interview-Questions-EI_IE1651.0,9_IL.10,12_IN1_IP320.htm
Page 320 scraped.

Taking a breather for a few seconds ...

Page 321 of 379
Getting https://www.glassdoor.com/Interview/Microsoft-US-Interview-Questions-EI_IE1651.0,9_IL.10,12_IN1_IP321.htm
Page 321 scraped.

Page 322 of 379
Getting https://www.glassdoor.com/Interview/Microsoft-US-Interview-Questions-EI_IE1651.0,9_IL.10,12_IN1_IP322.htm
Page 322 scraped.

Page 323 of 379
Getting https://www.glassdoor.com/Interview/Microsoft-US-Interview-Questions-EI_IE1651.0,9_IL.10,12_IN1_IP323.htm
Page 323 scraped.

Page 324 of 379
Getting https://www.glassdoor.com/Interview/Microsoft-US-Interview-Questions-EI_IE1651.0,9_IL.10,12_IN1_IP324.htm
Page 324 scraped.

Page 325 of 379
Getting https://www.glassdoor.com/Interview/Microsoft-US-Interview-Questions-EI_IE1651.0,9_IL.10,12_IN1_IP325.htm
Page 325 scraped.

Page 326 of 379
Getting https://www.glassdoor.com/Interview/Microsoft-US-Interview-Questions-EI_IE1651.0,9_IL.10,12_IN1_IP326.htm
Page 326 scraped.

Page 327 of 379
Getting https://www.glassdoor.com/Interview/Microsoft-US-Interview-Questions-EI_IE1651.0,9_IL.10,12_IN1_IP327.htm
Page 327 scraped.

Page 328 of 379
Getting https://www.glassdoor.com/Interview/Microsoft-US-Interview-Questions-EI_IE1651.0,9_IL.10,12_IN1_IP328.htm
Page 328 scraped.

Page 329 of 379
Getting https://www.glassdoor.com/Interview/Microsoft-US-Interview-Questions-EI_IE1651.0,9_IL.10,12_IN1_IP329.htm
Page 329 scraped.

Page 330 of 379
Getting https://www.glassdoor.com/Interview/Microsoft-US-Interview-Questions-EI_IE1651.0,9_IL.10,12_IN1_IP330.htm
Page 330 scraped.

Taking a breather for a few seconds ...

Page 331 of 379
Getting https://www.glassdoor.com/Interview/Microsoft-US-Interview-Questions-EI_IE1651.0,9_IL.10,12_IN1_IP331.htm
Page 331 scraped.

Page 332 of 379
Getting https://www.glassdoor.com/Interview/Microsoft-US-Interview-Questions-EI_IE1651.0,9_IL.10,12_IN1_IP332.htm
Page 332 scraped.

Page 333 of 379
Getting https://www.glassdoor.com/Interview/Microsoft-US-Interview-Questions-EI_IE1651.0,9_IL.10,12_IN1_IP333.htm
Page 333 scraped.

Page 334 of 379
Getting https://www.glassdoor.com/Interview/Microsoft-US-Interview-Questions-EI_IE1651.0,9_IL.10,12_IN1_IP334.htm
Page 334 scraped.

Page 335 of 379
Getting https://www.glassdoor.com/Interview/Microsoft-US-Interview-Questions-EI_IE1651.0,9_IL.10,12_IN1_IP335.htm
Page 335 scraped.

Page 336 of 379
Getting https://www.glassdoor.com/Interview/Microsoft-US-Interview-Questions-EI_IE1651.0,9_IL.10,12_IN1_IP336.htm
Page 336 scraped.

Page 337 of 379
Getting https://www.glassdoor.com/Interview/Microsoft-US-Interview-Questions-EI_IE1651.0,9_IL.10,12_IN1_IP337.htm
Page 337 scraped.

Page 338 of 379
Getting https://www.glassdoor.com/Interview/Microsoft-US-Interview-Questions-EI_IE1651.0,9_IL.10,12_IN1_IP338.htm
Page 338 scraped.

Page 339 of 379
Getting https://www.glassdoor.com/Interview/Microsoft-US-Interview-Questions-EI_IE1651.0,9_IL.10,12_IN1_IP339.htm
Page 339 scraped.

Page 340 of 379
Getting https://www.glassdoor.com/Interview/Microsoft-US-Interview-Questions-EI_IE1651.0,9_IL.10,12_IN1_IP340.htm
Page 340 scraped.

Taking a breather for a few seconds ...

Page 341 of 379
Getting https://www.glassdoor.com/Interview/Microsoft-US-Interview-Questions-EI_IE1651.0,9_IL.10,12_IN1_IP341.htm
Page 341 scraped.

Page 342 of 379
Getting https://www.glassdoor.com/Interview/Microsoft-US-Interview-Questions-EI_IE1651.0,9_IL.10,12_IN1_IP342.htm
Page 342 scraped.

Page 343 of 379
Getting https://www.glassdoor.com/Interview/Microsoft-US-Interview-Questions-EI_IE1651.0,9_IL.10,12_IN1_IP343.htm
Page 343 scraped.

Page 344 of 379
Getting https://www.glassdoor.com/Interview/Microsoft-US-Interview-Questions-EI_IE1651.0,9_IL.10,12_IN1_IP344.htm
Page 344 scraped.

Page 345 of 379
Getting https://www.glassdoor.com/Interview/Microsoft-US-Interview-Questions-EI_IE1651.0,9_IL.10,12_IN1_IP345.htm
Page 345 scraped.

Page 346 of 379
Getting https://www.glassdoor.com/Interview/Microsoft-US-Interview-Questions-EI_IE1651.0,9_IL.10,12_IN1_IP346.htm
Page 346 scraped.

Page 347 of 379
Getting https://www.glassdoor.com/Interview/Microsoft-US-Interview-Questions-EI_IE1651.0,9_IL.10,12_IN1_IP347.htm
Page 347 scraped.

Page 348 of 379
Getting https://www.glassdoor.com/Interview/Microsoft-US-Interview-Questions-EI_IE1651.0,9_IL.10,12_IN1_IP348.htm
Page 348 scraped.

Page 349 of 379
Getting https://www.glassdoor.com/Interview/Microsoft-US-Interview-Questions-EI_IE1651.0,9_IL.10,12_IN1_IP349.htm
Page 349 scraped.

Page 350 of 379
Getting https://www.glassdoor.com/Interview/Microsoft-US-Interview-Questions-EI_IE1651.0,9_IL.10,12_IN1_IP350.htm
Page 350 scraped.

Taking a breather for a few seconds ...

Page 351 of 379
Getting https://www.glassdoor.com/Interview/Microsoft-US-Interview-Questions-EI_IE1651.0,9_IL.10,12_IN1_IP351.htm
Page 351 scraped.

Page 352 of 379
Getting https://www.glassdoor.com/Interview/Microsoft-US-Interview-Questions-EI_IE1651.0,9_IL.10,12_IN1_IP352.htm
Page 352 scraped.

Page 353 of 379
Getting https://www.glassdoor.com/Interview/Microsoft-US-Interview-Questions-EI_IE1651.0,9_IL.10,12_IN1_IP353.htm
Page 353 scraped.

Page 354 of 379
Getting https://www.glassdoor.com/Interview/Microsoft-US-Interview-Questions-EI_IE1651.0,9_IL.10,12_IN1_IP354.htm
Page 354 scraped.

Page 355 of 379
Getting https://www.glassdoor.com/Interview/Microsoft-US-Interview-Questions-EI_IE1651.0,9_IL.10,12_IN1_IP355.htm
Page 355 scraped.

Page 356 of 379
Getting https://www.glassdoor.com/Interview/Microsoft-US-Interview-Questions-EI_IE1651.0,9_IL.10,12_IN1_IP356.htm
Page 356 scraped.

Page 357 of 379
Getting https://www.glassdoor.com/Interview/Microsoft-US-Interview-Questions-EI_IE1651.0,9_IL.10,12_IN1_IP357.htm
Page 357 scraped.

Page 358 of 379
Getting https://www.glassdoor.com/Interview/Microsoft-US-Interview-Questions-EI_IE1651.0,9_IL.10,12_IN1_IP358.htm
Page 358 scraped.

Page 359 of 379
Getting https://www.glassdoor.com/Interview/Microsoft-US-Interview-Questions-EI_IE1651.0,9_IL.10,12_IN1_IP359.htm
Page 359 scraped.

Page 360 of 379
Getting https://www.glassdoor.com/Interview/Microsoft-US-Interview-Questions-EI_IE1651.0,9_IL.10,12_IN1_IP360.htm
Page 360 scraped.

Taking a breather for a few seconds ...

Page 361 of 379
Getting https://www.glassdoor.com/Interview/Microsoft-US-Interview-Questions-EI_IE1651.0,9_IL.10,12_IN1_IP361.htm
Page 361 scraped.

Page 362 of 379
Getting https://www.glassdoor.com/Interview/Microsoft-US-Interview-Questions-EI_IE1651.0,9_IL.10,12_IN1_IP362.htm
Page 362 scraped.

Page 363 of 379
Getting https://www.glassdoor.com/Interview/Microsoft-US-Interview-Questions-EI_IE1651.0,9_IL.10,12_IN1_IP363.htm
Page 363 scraped.

Page 364 of 379
Getting https://www.glassdoor.com/Interview/Microsoft-US-Interview-Questions-EI_IE1651.0,9_IL.10,12_IN1_IP364.htm
Page 364 scraped.

Page 365 of 379
Getting https://www.glassdoor.com/Interview/Microsoft-US-Interview-Questions-EI_IE1651.0,9_IL.10,12_IN1_IP365.htm
Page 365 scraped.

Page 366 of 379
Getting https://www.glassdoor.com/Interview/Microsoft-US-Interview-Questions-EI_IE1651.0,9_IL.10,12_IN1_IP366.htm
Page 366 scraped.

Page 367 of 379
Getting https://www.glassdoor.com/Interview/Microsoft-US-Interview-Questions-EI_IE1651.0,9_IL.10,12_IN1_IP367.htm
Page 367 scraped.

Page 368 of 379
Getting https://www.glassdoor.com/Interview/Microsoft-US-Interview-Questions-EI_IE1651.0,9_IL.10,12_IN1_IP368.htm
Page 368 scraped.

Page 369 of 379
Getting https://www.glassdoor.com/Interview/Microsoft-US-Interview-Questions-EI_IE1651.0,9_IL.10,12_IN1_IP369.htm
Page 369 scraped.

Page 370 of 379
Getting https://www.glassdoor.com/Interview/Microsoft-US-Interview-Questions-EI_IE1651.0,9_IL.10,12_IN1_IP370.htm
Page 370 scraped.

Taking a breather for a few seconds ...

Page 371 of 379
Getting https://www.glassdoor.com/Interview/Microsoft-US-Interview-Questions-EI_IE1651.0,9_IL.10,12_IN1_IP371.htm
Page 371 scraped.

Page 372 of 379
Getting https://www.glassdoor.com/Interview/Microsoft-US-Interview-Questions-EI_IE1651.0,9_IL.10,12_IN1_IP372.htm
Page 372 scraped.

Page 373 of 379
Getting https://www.glassdoor.com/Interview/Microsoft-US-Interview-Questions-EI_IE1651.0,9_IL.10,12_IN1_IP373.htm
Page 373 scraped.

Page 374 of 379
Getting https://www.glassdoor.com/Interview/Microsoft-US-Interview-Questions-EI_IE1651.0,9_IL.10,12_IN1_IP374.htm
Page 374 scraped.

Page 375 of 379
Getting https://www.glassdoor.com/Interview/Microsoft-US-Interview-Questions-EI_IE1651.0,9_IL.10,12_IN1_IP375.htm
Page 375 scraped.

Page 376 of 379
Getting https://www.glassdoor.com/Interview/Microsoft-US-Interview-Questions-EI_IE1651.0,9_IL.10,12_IN1_IP376.htm
Page 376 scraped.

Page 377 of 379
Getting https://www.glassdoor.com/Interview/Microsoft-US-Interview-Questions-EI_IE1651.0,9_IL.10,12_IN1_IP377.htm
Page 377 scraped.

Page 378 of 379
Getting https://www.glassdoor.com/Interview/Microsoft-US-Interview-Questions-EI_IE1651.0,9_IL.10,12_IN1_IP378.htm
Page 378 scraped.

Page 379 of 379
Getting https://www.glassdoor.com/Interview/Microsoft-US-Interview-Questions-EI_IE1651.0,9_IL.10,12_IN1_IP379.htm
Page 379 scraped.

Exporting data to microsoft.json
